[INFO  - 2017-09-11T09:33:39.420Z] GhostDriver - Main - running on port 40785
[INFO  - 2017-09-11T09:33:40.117Z] Session [4b71ecc0-96d4-11e7-80e2-3590548e8e15] - page.settings - {"XSSAuditingEnabled":false,"javascriptCanCloseWindows":true,"javascriptCanOpenWindows":true,"javascriptEnabled":true,"loadImages":true,"localToRemoteUrlAccessEnabled":false,"userAgent":"Mozilla/5.0 (Windows NT 6.2; WOW64) AppleWebKit/538.1 (KHTML, like Gecko) PhantomJS/2.1.1 Safari/538.1","webSecurityEnabled":true}
[INFO  - 2017-09-11T09:33:40.118Z] Session [4b71ecc0-96d4-11e7-80e2-3590548e8e15] - page.customHeaders:  - {}
[INFO  - 2017-09-11T09:33:40.119Z] Session [4b71ecc0-96d4-11e7-80e2-3590548e8e15] - Session.negotiatedCapabilities - {"browserName":"phantomjs","version":"2.1.1","driverName":"ghostdriver","driverVersion":"1.2.0","platform":"windows-8.1-32bit","javascriptEnabled":true,"takesScreenshot":true,"handlesAlerts":false,"databaseEnabled":false,"locationContextEnabled":false,"applicationCacheEnabled":false,"browserConnectionEnabled":false,"cssSelectorsEnabled":true,"webStorageEnabled":false,"rotatable":false,"acceptSslCerts":false,"nativeEvents":true,"proxy":{"proxyType":"direct"}}
[INFO  - 2017-09-11T09:33:40.119Z] SessionManagerReqHand - _postNewSessionCommand - New Session Created: 4b71ecc0-96d4-11e7-80e2-3590548e8e15
[ERROR - 2017-09-11T09:33:46.155Z] Session [4b71ecc0-96d4-11e7-80e2-3590548e8e15] - page.onError - msg: TypeError: null is not an object (evaluating 'c.classList')
[ERROR - 2017-09-11T09:33:46.156Z] Session [4b71ecc0-96d4-11e7-80e2-3590548e8e15] - page.onError - stack:
  h (https://static.licdn.com/scds/concat/common/js?h=3kp2aedn5pmamdr4dk4n8atur-3ti5bgrnb6idjtk0w4chaigxe-5hqr1i1uoezoj0z1s5gcxojf2-71o37tcjwl0ishto9izvyml3i-3bbdjshpw5ov0rwa8xe08tp97-cayct4cirf7n0f9z1xsg84g0q-dktkawxk7k8pixuh5g8z5ku32-213zbp2wzp99lviwl8g2cvq6i-1lknwtftishpdmobzm413yc7u-bcxa0v9ke411pjpmz4s239f9b-2s77lcl0ztx2c5fzyqvglptj1-bn7x20my6ejwhlgl10oqmhgst-8h514j3fiwnzuwkt66sbxsu8f-di2z9sra5co9la7ogqyesywin:48)
  (anonymous function) (https://static.licdn.com/scds/concat/common/js?h=3kp2aedn5pmamdr4dk4n8atur-3ti5bgrnb6idjtk0w4chaigxe-5hqr1i1uoezoj0z1s5gcxojf2-71o37tcjwl0ishto9izvyml3i-3bbdjshpw5ov0rwa8xe08tp97-cayct4cirf7n0f9z1xsg84g0q-dktkawxk7k8pixuh5g8z5ku32-213zbp2wzp99lviwl8g2cvq6i-1lknwtftishpdmobzm413yc7u-bcxa0v9ke411pjpmz4s239f9b-2s77lcl0ztx2c5fzyqvglptj1-bn7x20my6ejwhlgl10oqmhgst-8h514j3fiwnzuwkt66sbxsu8f-di2z9sra5co9la7ogqyesywin:48)
  (anonymous function) (https://static.licdn.com/scds/concat/common/js?h=3kp2aedn5pmamdr4dk4n8atur-3ti5bgrnb6idjtk0w4chaigxe-5hqr1i1uoezoj0z1s5gcxojf2-71o37tcjwl0ishto9izvyml3i-3bbdjshpw5ov0rwa8xe08tp97-cayct4cirf7n0f9z1xsg84g0q-dktkawxk7k8pixuh5g8z5ku32-213zbp2wzp99lviwl8g2cvq6i-1lknwtftishpdmobzm413yc7u-bcxa0v9ke411pjpmz4s239f9b-2s77lcl0ztx2c5fzyqvglptj1-bn7x20my6ejwhlgl10oqmhgst-8h514j3fiwnzuwkt66sbxsu8f-di2z9sra5co9la7ogqyesywin:48)
  (anonymous function) (https://static.licdn.com/scds/concat/common/js?h=3kp2aedn5pmamdr4dk4n8atur-3ti5bgrnb6idjtk0w4chaigxe-5hqr1i1uoezoj0z1s5gcxojf2-71o37tcjwl0ishto9izvyml3i-3bbdjshpw5ov0rwa8xe08tp97-cayct4cirf7n0f9z1xsg84g0q-dktkawxk7k8pixuh5g8z5ku32-213zbp2wzp99lviwl8g2cvq6i-1lknwtftishpdmobzm413yc7u-bcxa0v9ke411pjpmz4s239f9b-2s77lcl0ztx2c5fzyqvglptj1-bn7x20my6ejwhlgl10oqmhgst-8h514j3fiwnzuwkt66sbxsu8f-di2z9sra5co9la7ogqyesywin:48)
[INFO  - 2017-09-11T09:33:56.677Z] ShutdownReqHand - _handle - About to shutdown
[INFO  - 2017-09-11T09:36:49.964Z] GhostDriver - Main - running on port 18937
[INFO  - 2017-09-11T09:36:50.952Z] Session [bd3093c0-96d4-11e7-b466-ed7b96a42c28] - page.settings - {"XSSAuditingEnabled":false,"javascriptCanCloseWindows":true,"javascriptCanOpenWindows":true,"javascriptEnabled":true,"loadImages":true,"localToRemoteUrlAccessEnabled":false,"userAgent":"Mozilla/5.0 (Windows NT 6.2; WOW64) AppleWebKit/538.1 (KHTML, like Gecko) PhantomJS/2.1.1 Safari/538.1","webSecurityEnabled":true}
[INFO  - 2017-09-11T09:36:50.952Z] Session [bd3093c0-96d4-11e7-b466-ed7b96a42c28] - page.customHeaders:  - {}
[INFO  - 2017-09-11T09:36:50.952Z] Session [bd3093c0-96d4-11e7-b466-ed7b96a42c28] - Session.negotiatedCapabilities - {"browserName":"phantomjs","version":"2.1.1","driverName":"ghostdriver","driverVersion":"1.2.0","platform":"windows-8.1-32bit","javascriptEnabled":true,"takesScreenshot":true,"handlesAlerts":false,"databaseEnabled":false,"locationContextEnabled":false,"applicationCacheEnabled":false,"browserConnectionEnabled":false,"cssSelectorsEnabled":true,"webStorageEnabled":false,"rotatable":false,"acceptSslCerts":false,"nativeEvents":true,"proxy":{"proxyType":"direct"}}
[INFO  - 2017-09-11T09:36:50.952Z] SessionManagerReqHand - _postNewSessionCommand - New Session Created: bd3093c0-96d4-11e7-b466-ed7b96a42c28
[ERROR - 2017-09-11T09:36:54.667Z] Session [bd3093c0-96d4-11e7-b466-ed7b96a42c28] - page.onError - msg: TypeError: null is not an object (evaluating 'c.classList')
[ERROR - 2017-09-11T09:36:54.669Z] Session [bd3093c0-96d4-11e7-b466-ed7b96a42c28] - page.onError - stack:
  h (https://static-exp2.licdn.com/scds/concat/common/js?h=3kp2aedn5pmamdr4dk4n8atur-3ti5bgrnb6idjtk0w4chaigxe-5hqr1i1uoezoj0z1s5gcxojf2-71o37tcjwl0ishto9izvyml3i-3bbdjshpw5ov0rwa8xe08tp97-cayct4cirf7n0f9z1xsg84g0q-dktkawxk7k8pixuh5g8z5ku32-213zbp2wzp99lviwl8g2cvq6i-1lknwtftishpdmobzm413yc7u-bcxa0v9ke411pjpmz4s239f9b-2s77lcl0ztx2c5fzyqvglptj1-bn7x20my6ejwhlgl10oqmhgst-8h514j3fiwnzuwkt66sbxsu8f-di2z9sra5co9la7ogqyesywin:48)
  (anonymous function) (https://static-exp2.licdn.com/scds/concat/common/js?h=3kp2aedn5pmamdr4dk4n8atur-3ti5bgrnb6idjtk0w4chaigxe-5hqr1i1uoezoj0z1s5gcxojf2-71o37tcjwl0ishto9izvyml3i-3bbdjshpw5ov0rwa8xe08tp97-cayct4cirf7n0f9z1xsg84g0q-dktkawxk7k8pixuh5g8z5ku32-213zbp2wzp99lviwl8g2cvq6i-1lknwtftishpdmobzm413yc7u-bcxa0v9ke411pjpmz4s239f9b-2s77lcl0ztx2c5fzyqvglptj1-bn7x20my6ejwhlgl10oqmhgst-8h514j3fiwnzuwkt66sbxsu8f-di2z9sra5co9la7ogqyesywin:48)
  (anonymous function) (https://static-exp2.licdn.com/scds/concat/common/js?h=3kp2aedn5pmamdr4dk4n8atur-3ti5bgrnb6idjtk0w4chaigxe-5hqr1i1uoezoj0z1s5gcxojf2-71o37tcjwl0ishto9izvyml3i-3bbdjshpw5ov0rwa8xe08tp97-cayct4cirf7n0f9z1xsg84g0q-dktkawxk7k8pixuh5g8z5ku32-213zbp2wzp99lviwl8g2cvq6i-1lknwtftishpdmobzm413yc7u-bcxa0v9ke411pjpmz4s239f9b-2s77lcl0ztx2c5fzyqvglptj1-bn7x20my6ejwhlgl10oqmhgst-8h514j3fiwnzuwkt66sbxsu8f-di2z9sra5co9la7ogqyesywin:48)
  (anonymous function) (https://static-exp2.licdn.com/scds/concat/common/js?h=3kp2aedn5pmamdr4dk4n8atur-3ti5bgrnb6idjtk0w4chaigxe-5hqr1i1uoezoj0z1s5gcxojf2-71o37tcjwl0ishto9izvyml3i-3bbdjshpw5ov0rwa8xe08tp97-cayct4cirf7n0f9z1xsg84g0q-dktkawxk7k8pixuh5g8z5ku32-213zbp2wzp99lviwl8g2cvq6i-1lknwtftishpdmobzm413yc7u-bcxa0v9ke411pjpmz4s239f9b-2s77lcl0ztx2c5fzyqvglptj1-bn7x20my6ejwhlgl10oqmhgst-8h514j3fiwnzuwkt66sbxsu8f-di2z9sra5co9la7ogqyesywin:48)
[INFO  - 2017-09-11T09:37:00.900Z] ShutdownReqHand - _handle - About to shutdown
[INFO  - 2017-09-11T09:41:38.473Z] GhostDriver - Main - running on port 18647
[INFO  - 2017-09-11T09:41:39.015Z] Session [68e41cf0-96d5-11e7-be9a-bdbf8a1e6dac] - page.settings - {"XSSAuditingEnabled":false,"javascriptCanCloseWindows":true,"javascriptCanOpenWindows":true,"javascriptEnabled":true,"loadImages":true,"localToRemoteUrlAccessEnabled":false,"userAgent":"Mozilla/5.0 (Windows NT 6.2; WOW64) AppleWebKit/538.1 (KHTML, like Gecko) PhantomJS/2.1.1 Safari/538.1","webSecurityEnabled":true}
[INFO  - 2017-09-11T09:41:39.015Z] Session [68e41cf0-96d5-11e7-be9a-bdbf8a1e6dac] - page.customHeaders:  - {}
[INFO  - 2017-09-11T09:41:39.015Z] Session [68e41cf0-96d5-11e7-be9a-bdbf8a1e6dac] - Session.negotiatedCapabilities - {"browserName":"phantomjs","version":"2.1.1","driverName":"ghostdriver","driverVersion":"1.2.0","platform":"windows-8.1-32bit","javascriptEnabled":true,"takesScreenshot":true,"handlesAlerts":false,"databaseEnabled":false,"locationContextEnabled":false,"applicationCacheEnabled":false,"browserConnectionEnabled":false,"cssSelectorsEnabled":true,"webStorageEnabled":false,"rotatable":false,"acceptSslCerts":false,"nativeEvents":true,"proxy":{"proxyType":"direct"}}
[INFO  - 2017-09-11T09:41:39.016Z] SessionManagerReqHand - _postNewSessionCommand - New Session Created: 68e41cf0-96d5-11e7-be9a-bdbf8a1e6dac
[ERROR - 2017-09-11T09:41:43.050Z] Session [68e41cf0-96d5-11e7-be9a-bdbf8a1e6dac] - page.onError - msg: TypeError: null is not an object (evaluating 'c.classList')
[ERROR - 2017-09-11T09:41:43.051Z] Session [68e41cf0-96d5-11e7-be9a-bdbf8a1e6dac] - page.onError - stack:
  h (https://static.licdn.com/scds/concat/common/js?h=3kp2aedn5pmamdr4dk4n8atur-3ti5bgrnb6idjtk0w4chaigxe-5hqr1i1uoezoj0z1s5gcxojf2-71o37tcjwl0ishto9izvyml3i-3bbdjshpw5ov0rwa8xe08tp97-cayct4cirf7n0f9z1xsg84g0q-dktkawxk7k8pixuh5g8z5ku32-213zbp2wzp99lviwl8g2cvq6i-1lknwtftishpdmobzm413yc7u-bcxa0v9ke411pjpmz4s239f9b-2s77lcl0ztx2c5fzyqvglptj1-bn7x20my6ejwhlgl10oqmhgst-8h514j3fiwnzuwkt66sbxsu8f-di2z9sra5co9la7ogqyesywin:48)
  (anonymous function) (https://static.licdn.com/scds/concat/common/js?h=3kp2aedn5pmamdr4dk4n8atur-3ti5bgrnb6idjtk0w4chaigxe-5hqr1i1uoezoj0z1s5gcxojf2-71o37tcjwl0ishto9izvyml3i-3bbdjshpw5ov0rwa8xe08tp97-cayct4cirf7n0f9z1xsg84g0q-dktkawxk7k8pixuh5g8z5ku32-213zbp2wzp99lviwl8g2cvq6i-1lknwtftishpdmobzm413yc7u-bcxa0v9ke411pjpmz4s239f9b-2s77lcl0ztx2c5fzyqvglptj1-bn7x20my6ejwhlgl10oqmhgst-8h514j3fiwnzuwkt66sbxsu8f-di2z9sra5co9la7ogqyesywin:48)
  (anonymous function) (https://static.licdn.com/scds/concat/common/js?h=3kp2aedn5pmamdr4dk4n8atur-3ti5bgrnb6idjtk0w4chaigxe-5hqr1i1uoezoj0z1s5gcxojf2-71o37tcjwl0ishto9izvyml3i-3bbdjshpw5ov0rwa8xe08tp97-cayct4cirf7n0f9z1xsg84g0q-dktkawxk7k8pixuh5g8z5ku32-213zbp2wzp99lviwl8g2cvq6i-1lknwtftishpdmobzm413yc7u-bcxa0v9ke411pjpmz4s239f9b-2s77lcl0ztx2c5fzyqvglptj1-bn7x20my6ejwhlgl10oqmhgst-8h514j3fiwnzuwkt66sbxsu8f-di2z9sra5co9la7ogqyesywin:48)
  (anonymous function) (https://static.licdn.com/scds/concat/common/js?h=3kp2aedn5pmamdr4dk4n8atur-3ti5bgrnb6idjtk0w4chaigxe-5hqr1i1uoezoj0z1s5gcxojf2-71o37tcjwl0ishto9izvyml3i-3bbdjshpw5ov0rwa8xe08tp97-cayct4cirf7n0f9z1xsg84g0q-dktkawxk7k8pixuh5g8z5ku32-213zbp2wzp99lviwl8g2cvq6i-1lknwtftishpdmobzm413yc7u-bcxa0v9ke411pjpmz4s239f9b-2s77lcl0ztx2c5fzyqvglptj1-bn7x20my6ejwhlgl10oqmhgst-8h514j3fiwnzuwkt66sbxsu8f-di2z9sra5co9la7ogqyesywin:48)
[INFO  - 2017-09-11T09:41:44.949Z] ShutdownReqHand - _handle - About to shutdown
[INFO  - 2017-09-11T10:25:45.948Z] GhostDriver - Main - running on port 13543
[INFO  - 2017-09-11T10:25:46.282Z] Session [92c92730-96db-11e7-bce6-69cb44bc64f5] - page.settings - {"XSSAuditingEnabled":false,"javascriptCanCloseWindows":true,"javascriptCanOpenWindows":true,"javascriptEnabled":true,"loadImages":true,"localToRemoteUrlAccessEnabled":false,"userAgent":"Mozilla/5.0 (Windows NT 6.2; WOW64) AppleWebKit/538.1 (KHTML, like Gecko) PhantomJS/2.1.1 Safari/538.1","webSecurityEnabled":true}
[INFO  - 2017-09-11T10:25:46.282Z] Session [92c92730-96db-11e7-bce6-69cb44bc64f5] - page.customHeaders:  - {}
[INFO  - 2017-09-11T10:25:46.282Z] Session [92c92730-96db-11e7-bce6-69cb44bc64f5] - Session.negotiatedCapabilities - {"browserName":"phantomjs","version":"2.1.1","driverName":"ghostdriver","driverVersion":"1.2.0","platform":"windows-8.1-32bit","javascriptEnabled":true,"takesScreenshot":true,"handlesAlerts":false,"databaseEnabled":false,"locationContextEnabled":false,"applicationCacheEnabled":false,"browserConnectionEnabled":false,"cssSelectorsEnabled":true,"webStorageEnabled":false,"rotatable":false,"acceptSslCerts":false,"nativeEvents":true,"proxy":{"proxyType":"direct"}}
[INFO  - 2017-09-11T10:25:46.282Z] SessionManagerReqHand - _postNewSessionCommand - New Session Created: 92c92730-96db-11e7-bce6-69cb44bc64f5
[ERROR - 2017-09-11T10:25:49.658Z] Session [92c92730-96db-11e7-bce6-69cb44bc64f5] - page.onError - msg: TypeError: null is not an object (evaluating 'c.classList')
[ERROR - 2017-09-11T10:25:49.659Z] Session [92c92730-96db-11e7-bce6-69cb44bc64f5] - page.onError - stack:
  h (https://static.licdn.com/scds/concat/common/js?h=3kp2aedn5pmamdr4dk4n8atur-3ti5bgrnb6idjtk0w4chaigxe-5hqr1i1uoezoj0z1s5gcxojf2-71o37tcjwl0ishto9izvyml3i-3bbdjshpw5ov0rwa8xe08tp97-cayct4cirf7n0f9z1xsg84g0q-dktkawxk7k8pixuh5g8z5ku32-213zbp2wzp99lviwl8g2cvq6i-1lknwtftishpdmobzm413yc7u-bcxa0v9ke411pjpmz4s239f9b-2s77lcl0ztx2c5fzyqvglptj1-bn7x20my6ejwhlgl10oqmhgst-8h514j3fiwnzuwkt66sbxsu8f-di2z9sra5co9la7ogqyesywin:48)
  (anonymous function) (https://static.licdn.com/scds/concat/common/js?h=3kp2aedn5pmamdr4dk4n8atur-3ti5bgrnb6idjtk0w4chaigxe-5hqr1i1uoezoj0z1s5gcxojf2-71o37tcjwl0ishto9izvyml3i-3bbdjshpw5ov0rwa8xe08tp97-cayct4cirf7n0f9z1xsg84g0q-dktkawxk7k8pixuh5g8z5ku32-213zbp2wzp99lviwl8g2cvq6i-1lknwtftishpdmobzm413yc7u-bcxa0v9ke411pjpmz4s239f9b-2s77lcl0ztx2c5fzyqvglptj1-bn7x20my6ejwhlgl10oqmhgst-8h514j3fiwnzuwkt66sbxsu8f-di2z9sra5co9la7ogqyesywin:48)
  (anonymous function) (https://static.licdn.com/scds/concat/common/js?h=3kp2aedn5pmamdr4dk4n8atur-3ti5bgrnb6idjtk0w4chaigxe-5hqr1i1uoezoj0z1s5gcxojf2-71o37tcjwl0ishto9izvyml3i-3bbdjshpw5ov0rwa8xe08tp97-cayct4cirf7n0f9z1xsg84g0q-dktkawxk7k8pixuh5g8z5ku32-213zbp2wzp99lviwl8g2cvq6i-1lknwtftishpdmobzm413yc7u-bcxa0v9ke411pjpmz4s239f9b-2s77lcl0ztx2c5fzyqvglptj1-bn7x20my6ejwhlgl10oqmhgst-8h514j3fiwnzuwkt66sbxsu8f-di2z9sra5co9la7ogqyesywin:48)
  (anonymous function) (https://static.licdn.com/scds/concat/common/js?h=3kp2aedn5pmamdr4dk4n8atur-3ti5bgrnb6idjtk0w4chaigxe-5hqr1i1uoezoj0z1s5gcxojf2-71o37tcjwl0ishto9izvyml3i-3bbdjshpw5ov0rwa8xe08tp97-cayct4cirf7n0f9z1xsg84g0q-dktkawxk7k8pixuh5g8z5ku32-213zbp2wzp99lviwl8g2cvq6i-1lknwtftishpdmobzm413yc7u-bcxa0v9ke411pjpmz4s239f9b-2s77lcl0ztx2c5fzyqvglptj1-bn7x20my6ejwhlgl10oqmhgst-8h514j3fiwnzuwkt66sbxsu8f-di2z9sra5co9la7ogqyesywin:48)
[INFO  - 2017-09-11T10:25:54.026Z] ShutdownReqHand - _handle - About to shutdown
[INFO  - 2017-09-11T10:26:13.987Z] GhostDriver - Main - running on port 37474
[INFO  - 2017-09-11T10:26:14.566Z] Session [a3a4f2f0-96db-11e7-b27f-d7641f98bf05] - page.settings - {"XSSAuditingEnabled":false,"javascriptCanCloseWindows":true,"javascriptCanOpenWindows":true,"javascriptEnabled":true,"loadImages":true,"localToRemoteUrlAccessEnabled":false,"userAgent":"Mozilla/5.0 (Windows NT 6.2; WOW64) AppleWebKit/538.1 (KHTML, like Gecko) PhantomJS/2.1.1 Safari/538.1","webSecurityEnabled":true}
[INFO  - 2017-09-11T10:26:14.566Z] Session [a3a4f2f0-96db-11e7-b27f-d7641f98bf05] - page.customHeaders:  - {}
[INFO  - 2017-09-11T10:26:14.567Z] Session [a3a4f2f0-96db-11e7-b27f-d7641f98bf05] - Session.negotiatedCapabilities - {"browserName":"phantomjs","version":"2.1.1","driverName":"ghostdriver","driverVersion":"1.2.0","platform":"windows-8.1-32bit","javascriptEnabled":true,"takesScreenshot":true,"handlesAlerts":false,"databaseEnabled":false,"locationContextEnabled":false,"applicationCacheEnabled":false,"browserConnectionEnabled":false,"cssSelectorsEnabled":true,"webStorageEnabled":false,"rotatable":false,"acceptSslCerts":false,"nativeEvents":true,"proxy":{"proxyType":"direct"}}
[INFO  - 2017-09-11T10:26:14.567Z] SessionManagerReqHand - _postNewSessionCommand - New Session Created: a3a4f2f0-96db-11e7-b27f-d7641f98bf05
[ERROR - 2017-09-11T10:26:40.757Z] Session [a3a4f2f0-96db-11e7-b27f-d7641f98bf05] - page.onError - msg: TypeError: null is not an object (evaluating 'c.classList')
[ERROR - 2017-09-11T10:26:40.757Z] Session [a3a4f2f0-96db-11e7-b27f-d7641f98bf05] - page.onError - stack:
  h (https://static.licdn.com/scds/concat/common/js?h=3kp2aedn5pmamdr4dk4n8atur-3ti5bgrnb6idjtk0w4chaigxe-5hqr1i1uoezoj0z1s5gcxojf2-71o37tcjwl0ishto9izvyml3i-3bbdjshpw5ov0rwa8xe08tp97-cayct4cirf7n0f9z1xsg84g0q-dktkawxk7k8pixuh5g8z5ku32-213zbp2wzp99lviwl8g2cvq6i-1lknwtftishpdmobzm413yc7u-bcxa0v9ke411pjpmz4s239f9b-2s77lcl0ztx2c5fzyqvglptj1-bn7x20my6ejwhlgl10oqmhgst-8h514j3fiwnzuwkt66sbxsu8f-di2z9sra5co9la7ogqyesywin:48)
  (anonymous function) (https://static.licdn.com/scds/concat/common/js?h=3kp2aedn5pmamdr4dk4n8atur-3ti5bgrnb6idjtk0w4chaigxe-5hqr1i1uoezoj0z1s5gcxojf2-71o37tcjwl0ishto9izvyml3i-3bbdjshpw5ov0rwa8xe08tp97-cayct4cirf7n0f9z1xsg84g0q-dktkawxk7k8pixuh5g8z5ku32-213zbp2wzp99lviwl8g2cvq6i-1lknwtftishpdmobzm413yc7u-bcxa0v9ke411pjpmz4s239f9b-2s77lcl0ztx2c5fzyqvglptj1-bn7x20my6ejwhlgl10oqmhgst-8h514j3fiwnzuwkt66sbxsu8f-di2z9sra5co9la7ogqyesywin:48)
  (anonymous function) (https://static.licdn.com/scds/concat/common/js?h=3kp2aedn5pmamdr4dk4n8atur-3ti5bgrnb6idjtk0w4chaigxe-5hqr1i1uoezoj0z1s5gcxojf2-71o37tcjwl0ishto9izvyml3i-3bbdjshpw5ov0rwa8xe08tp97-cayct4cirf7n0f9z1xsg84g0q-dktkawxk7k8pixuh5g8z5ku32-213zbp2wzp99lviwl8g2cvq6i-1lknwtftishpdmobzm413yc7u-bcxa0v9ke411pjpmz4s239f9b-2s77lcl0ztx2c5fzyqvglptj1-bn7x20my6ejwhlgl10oqmhgst-8h514j3fiwnzuwkt66sbxsu8f-di2z9sra5co9la7ogqyesywin:48)
  (anonymous function) (https://static.licdn.com/scds/concat/common/js?h=3kp2aedn5pmamdr4dk4n8atur-3ti5bgrnb6idjtk0w4chaigxe-5hqr1i1uoezoj0z1s5gcxojf2-71o37tcjwl0ishto9izvyml3i-3bbdjshpw5ov0rwa8xe08tp97-cayct4cirf7n0f9z1xsg84g0q-dktkawxk7k8pixuh5g8z5ku32-213zbp2wzp99lviwl8g2cvq6i-1lknwtftishpdmobzm413yc7u-bcxa0v9ke411pjpmz4s239f9b-2s77lcl0ztx2c5fzyqvglptj1-bn7x20my6ejwhlgl10oqmhgst-8h514j3fiwnzuwkt66sbxsu8f-di2z9sra5co9la7ogqyesywin:48)
[INFO  - 2017-09-11T10:26:47.987Z] ShutdownReqHand - _handle - About to shutdown
[INFO  - 2017-09-11T10:31:02.694Z] GhostDriver - Main - running on port 42807
[INFO  - 2017-09-11T10:31:03.085Z] Session [4f9d7460-96dc-11e7-af1d-b3fa215985c7] - page.settings - {"XSSAuditingEnabled":false,"javascriptCanCloseWindows":true,"javascriptCanOpenWindows":true,"javascriptEnabled":true,"loadImages":true,"localToRemoteUrlAccessEnabled":false,"userAgent":"Mozilla/5.0 (Windows NT 6.2; WOW64) AppleWebKit/538.1 (KHTML, like Gecko) PhantomJS/2.1.1 Safari/538.1","webSecurityEnabled":true}
[INFO  - 2017-09-11T10:31:03.085Z] Session [4f9d7460-96dc-11e7-af1d-b3fa215985c7] - page.customHeaders:  - {}
[INFO  - 2017-09-11T10:31:03.085Z] Session [4f9d7460-96dc-11e7-af1d-b3fa215985c7] - Session.negotiatedCapabilities - {"browserName":"phantomjs","version":"2.1.1","driverName":"ghostdriver","driverVersion":"1.2.0","platform":"windows-8.1-32bit","javascriptEnabled":true,"takesScreenshot":true,"handlesAlerts":false,"databaseEnabled":false,"locationContextEnabled":false,"applicationCacheEnabled":false,"browserConnectionEnabled":false,"cssSelectorsEnabled":true,"webStorageEnabled":false,"rotatable":false,"acceptSslCerts":false,"nativeEvents":true,"proxy":{"proxyType":"direct"}}
[INFO  - 2017-09-11T10:31:03.086Z] SessionManagerReqHand - _postNewSessionCommand - New Session Created: 4f9d7460-96dc-11e7-af1d-b3fa215985c7
[ERROR - 2017-09-11T10:31:08.906Z] Session [4f9d7460-96dc-11e7-af1d-b3fa215985c7] - page.onError - msg: TypeError: null is not an object (evaluating 'c.classList')
[ERROR - 2017-09-11T10:31:08.907Z] Session [4f9d7460-96dc-11e7-af1d-b3fa215985c7] - page.onError - stack:
  h (https://static.licdn.com/scds/concat/common/js?h=3kp2aedn5pmamdr4dk4n8atur-3ti5bgrnb6idjtk0w4chaigxe-5hqr1i1uoezoj0z1s5gcxojf2-71o37tcjwl0ishto9izvyml3i-3bbdjshpw5ov0rwa8xe08tp97-cayct4cirf7n0f9z1xsg84g0q-dktkawxk7k8pixuh5g8z5ku32-213zbp2wzp99lviwl8g2cvq6i-1lknwtftishpdmobzm413yc7u-bcxa0v9ke411pjpmz4s239f9b-2s77lcl0ztx2c5fzyqvglptj1-bn7x20my6ejwhlgl10oqmhgst-8h514j3fiwnzuwkt66sbxsu8f-di2z9sra5co9la7ogqyesywin:48)
  (anonymous function) (https://static.licdn.com/scds/concat/common/js?h=3kp2aedn5pmamdr4dk4n8atur-3ti5bgrnb6idjtk0w4chaigxe-5hqr1i1uoezoj0z1s5gcxojf2-71o37tcjwl0ishto9izvyml3i-3bbdjshpw5ov0rwa8xe08tp97-cayct4cirf7n0f9z1xsg84g0q-dktkawxk7k8pixuh5g8z5ku32-213zbp2wzp99lviwl8g2cvq6i-1lknwtftishpdmobzm413yc7u-bcxa0v9ke411pjpmz4s239f9b-2s77lcl0ztx2c5fzyqvglptj1-bn7x20my6ejwhlgl10oqmhgst-8h514j3fiwnzuwkt66sbxsu8f-di2z9sra5co9la7ogqyesywin:48)
  (anonymous function) (https://static.licdn.com/scds/concat/common/js?h=3kp2aedn5pmamdr4dk4n8atur-3ti5bgrnb6idjtk0w4chaigxe-5hqr1i1uoezoj0z1s5gcxojf2-71o37tcjwl0ishto9izvyml3i-3bbdjshpw5ov0rwa8xe08tp97-cayct4cirf7n0f9z1xsg84g0q-dktkawxk7k8pixuh5g8z5ku32-213zbp2wzp99lviwl8g2cvq6i-1lknwtftishpdmobzm413yc7u-bcxa0v9ke411pjpmz4s239f9b-2s77lcl0ztx2c5fzyqvglptj1-bn7x20my6ejwhlgl10oqmhgst-8h514j3fiwnzuwkt66sbxsu8f-di2z9sra5co9la7ogqyesywin:48)
  (anonymous function) (https://static.licdn.com/scds/concat/common/js?h=3kp2aedn5pmamdr4dk4n8atur-3ti5bgrnb6idjtk0w4chaigxe-5hqr1i1uoezoj0z1s5gcxojf2-71o37tcjwl0ishto9izvyml3i-3bbdjshpw5ov0rwa8xe08tp97-cayct4cirf7n0f9z1xsg84g0q-dktkawxk7k8pixuh5g8z5ku32-213zbp2wzp99lviwl8g2cvq6i-1lknwtftishpdmobzm413yc7u-bcxa0v9ke411pjpmz4s239f9b-2s77lcl0ztx2c5fzyqvglptj1-bn7x20my6ejwhlgl10oqmhgst-8h514j3fiwnzuwkt66sbxsu8f-di2z9sra5co9la7ogqyesywin:48)
[INFO  - 2017-09-11T10:31:11.920Z] ShutdownReqHand - _handle - About to shutdown
[INFO  - 2017-09-11T10:48:20.932Z] GhostDriver - Main - running on port 2339
[INFO  - 2017-09-11T10:48:21.435Z] Session [ba8390a0-96de-11e7-8b5b-89c075684e4e] - page.settings - {"XSSAuditingEnabled":false,"javascriptCanCloseWindows":true,"javascriptCanOpenWindows":true,"javascriptEnabled":true,"loadImages":true,"localToRemoteUrlAccessEnabled":false,"userAgent":"Mozilla/5.0 (Windows NT 6.2; WOW64) AppleWebKit/538.1 (KHTML, like Gecko) PhantomJS/2.1.1 Safari/538.1","webSecurityEnabled":true}
[INFO  - 2017-09-11T10:48:21.435Z] Session [ba8390a0-96de-11e7-8b5b-89c075684e4e] - page.customHeaders:  - {}
[INFO  - 2017-09-11T10:48:21.436Z] Session [ba8390a0-96de-11e7-8b5b-89c075684e4e] - Session.negotiatedCapabilities - {"browserName":"phantomjs","version":"2.1.1","driverName":"ghostdriver","driverVersion":"1.2.0","platform":"windows-8.1-32bit","javascriptEnabled":true,"takesScreenshot":true,"handlesAlerts":false,"databaseEnabled":false,"locationContextEnabled":false,"applicationCacheEnabled":false,"browserConnectionEnabled":false,"cssSelectorsEnabled":true,"webStorageEnabled":false,"rotatable":false,"acceptSslCerts":false,"nativeEvents":true,"proxy":{"proxyType":"direct"}}
[INFO  - 2017-09-11T10:48:21.436Z] SessionManagerReqHand - _postNewSessionCommand - New Session Created: ba8390a0-96de-11e7-8b5b-89c075684e4e
[ERROR - 2017-09-11T10:48:23.926Z] Session [ba8390a0-96de-11e7-8b5b-89c075684e4e] - page.onError - msg: TypeError: null is not an object (evaluating 'c.classList')
[ERROR - 2017-09-11T10:48:23.927Z] Session [ba8390a0-96de-11e7-8b5b-89c075684e4e] - page.onError - stack:
  h (https://static.licdn.com/scds/concat/common/js?h=3kp2aedn5pmamdr4dk4n8atur-3ti5bgrnb6idjtk0w4chaigxe-5hqr1i1uoezoj0z1s5gcxojf2-71o37tcjwl0ishto9izvyml3i-3bbdjshpw5ov0rwa8xe08tp97-cayct4cirf7n0f9z1xsg84g0q-dktkawxk7k8pixuh5g8z5ku32-213zbp2wzp99lviwl8g2cvq6i-1lknwtftishpdmobzm413yc7u-bcxa0v9ke411pjpmz4s239f9b-2s77lcl0ztx2c5fzyqvglptj1-bn7x20my6ejwhlgl10oqmhgst-8h514j3fiwnzuwkt66sbxsu8f-di2z9sra5co9la7ogqyesywin:48)
  (anonymous function) (https://static.licdn.com/scds/concat/common/js?h=3kp2aedn5pmamdr4dk4n8atur-3ti5bgrnb6idjtk0w4chaigxe-5hqr1i1uoezoj0z1s5gcxojf2-71o37tcjwl0ishto9izvyml3i-3bbdjshpw5ov0rwa8xe08tp97-cayct4cirf7n0f9z1xsg84g0q-dktkawxk7k8pixuh5g8z5ku32-213zbp2wzp99lviwl8g2cvq6i-1lknwtftishpdmobzm413yc7u-bcxa0v9ke411pjpmz4s239f9b-2s77lcl0ztx2c5fzyqvglptj1-bn7x20my6ejwhlgl10oqmhgst-8h514j3fiwnzuwkt66sbxsu8f-di2z9sra5co9la7ogqyesywin:48)
  (anonymous function) (https://static.licdn.com/scds/concat/common/js?h=3kp2aedn5pmamdr4dk4n8atur-3ti5bgrnb6idjtk0w4chaigxe-5hqr1i1uoezoj0z1s5gcxojf2-71o37tcjwl0ishto9izvyml3i-3bbdjshpw5ov0rwa8xe08tp97-cayct4cirf7n0f9z1xsg84g0q-dktkawxk7k8pixuh5g8z5ku32-213zbp2wzp99lviwl8g2cvq6i-1lknwtftishpdmobzm413yc7u-bcxa0v9ke411pjpmz4s239f9b-2s77lcl0ztx2c5fzyqvglptj1-bn7x20my6ejwhlgl10oqmhgst-8h514j3fiwnzuwkt66sbxsu8f-di2z9sra5co9la7ogqyesywin:48)
  (anonymous function) (https://static.licdn.com/scds/concat/common/js?h=3kp2aedn5pmamdr4dk4n8atur-3ti5bgrnb6idjtk0w4chaigxe-5hqr1i1uoezoj0z1s5gcxojf2-71o37tcjwl0ishto9izvyml3i-3bbdjshpw5ov0rwa8xe08tp97-cayct4cirf7n0f9z1xsg84g0q-dktkawxk7k8pixuh5g8z5ku32-213zbp2wzp99lviwl8g2cvq6i-1lknwtftishpdmobzm413yc7u-bcxa0v9ke411pjpmz4s239f9b-2s77lcl0ztx2c5fzyqvglptj1-bn7x20my6ejwhlgl10oqmhgst-8h514j3fiwnzuwkt66sbxsu8f-di2z9sra5co9la7ogqyesywin:48)
[INFO  - 2017-09-11T10:48:24.650Z] ShutdownReqHand - _handle - About to shutdown
[INFO  - 2017-09-11T10:58:16.502Z] GhostDriver - Main - running on port 16634
[INFO  - 2017-09-11T10:58:16.927Z] Session [1d75ce70-96e0-11e7-81e9-5df02821e29b] - page.settings - {"XSSAuditingEnabled":false,"javascriptCanCloseWindows":true,"javascriptCanOpenWindows":true,"javascriptEnabled":true,"loadImages":true,"localToRemoteUrlAccessEnabled":false,"userAgent":"Mozilla/5.0 (Windows NT 6.2; WOW64) AppleWebKit/538.1 (KHTML, like Gecko) PhantomJS/2.1.1 Safari/538.1","webSecurityEnabled":true}
[INFO  - 2017-09-11T10:58:16.927Z] Session [1d75ce70-96e0-11e7-81e9-5df02821e29b] - page.customHeaders:  - {}
[INFO  - 2017-09-11T10:58:16.928Z] Session [1d75ce70-96e0-11e7-81e9-5df02821e29b] - Session.negotiatedCapabilities - {"browserName":"phantomjs","version":"2.1.1","driverName":"ghostdriver","driverVersion":"1.2.0","platform":"windows-8.1-32bit","javascriptEnabled":true,"takesScreenshot":true,"handlesAlerts":false,"databaseEnabled":false,"locationContextEnabled":false,"applicationCacheEnabled":false,"browserConnectionEnabled":false,"cssSelectorsEnabled":true,"webStorageEnabled":false,"rotatable":false,"acceptSslCerts":false,"nativeEvents":true,"proxy":{"proxyType":"direct"}}
[INFO  - 2017-09-11T10:58:16.928Z] SessionManagerReqHand - _postNewSessionCommand - New Session Created: 1d75ce70-96e0-11e7-81e9-5df02821e29b
[ERROR - 2017-09-11T10:58:19.437Z] Session [1d75ce70-96e0-11e7-81e9-5df02821e29b] - page.onError - msg: TypeError: null is not an object (evaluating 'c.classList')
[ERROR - 2017-09-11T10:58:19.438Z] Session [1d75ce70-96e0-11e7-81e9-5df02821e29b] - page.onError - stack:
  h (https://static.licdn.com/scds/concat/common/js?h=3kp2aedn5pmamdr4dk4n8atur-3ti5bgrnb6idjtk0w4chaigxe-5hqr1i1uoezoj0z1s5gcxojf2-71o37tcjwl0ishto9izvyml3i-3bbdjshpw5ov0rwa8xe08tp97-cayct4cirf7n0f9z1xsg84g0q-dktkawxk7k8pixuh5g8z5ku32-213zbp2wzp99lviwl8g2cvq6i-1lknwtftishpdmobzm413yc7u-bcxa0v9ke411pjpmz4s239f9b-2s77lcl0ztx2c5fzyqvglptj1-bn7x20my6ejwhlgl10oqmhgst-8h514j3fiwnzuwkt66sbxsu8f-di2z9sra5co9la7ogqyesywin:48)
  (anonymous function) (https://static.licdn.com/scds/concat/common/js?h=3kp2aedn5pmamdr4dk4n8atur-3ti5bgrnb6idjtk0w4chaigxe-5hqr1i1uoezoj0z1s5gcxojf2-71o37tcjwl0ishto9izvyml3i-3bbdjshpw5ov0rwa8xe08tp97-cayct4cirf7n0f9z1xsg84g0q-dktkawxk7k8pixuh5g8z5ku32-213zbp2wzp99lviwl8g2cvq6i-1lknwtftishpdmobzm413yc7u-bcxa0v9ke411pjpmz4s239f9b-2s77lcl0ztx2c5fzyqvglptj1-bn7x20my6ejwhlgl10oqmhgst-8h514j3fiwnzuwkt66sbxsu8f-di2z9sra5co9la7ogqyesywin:48)
  (anonymous function) (https://static.licdn.com/scds/concat/common/js?h=3kp2aedn5pmamdr4dk4n8atur-3ti5bgrnb6idjtk0w4chaigxe-5hqr1i1uoezoj0z1s5gcxojf2-71o37tcjwl0ishto9izvyml3i-3bbdjshpw5ov0rwa8xe08tp97-cayct4cirf7n0f9z1xsg84g0q-dktkawxk7k8pixuh5g8z5ku32-213zbp2wzp99lviwl8g2cvq6i-1lknwtftishpdmobzm413yc7u-bcxa0v9ke411pjpmz4s239f9b-2s77lcl0ztx2c5fzyqvglptj1-bn7x20my6ejwhlgl10oqmhgst-8h514j3fiwnzuwkt66sbxsu8f-di2z9sra5co9la7ogqyesywin:48)
  (anonymous function) (https://static.licdn.com/scds/concat/common/js?h=3kp2aedn5pmamdr4dk4n8atur-3ti5bgrnb6idjtk0w4chaigxe-5hqr1i1uoezoj0z1s5gcxojf2-71o37tcjwl0ishto9izvyml3i-3bbdjshpw5ov0rwa8xe08tp97-cayct4cirf7n0f9z1xsg84g0q-dktkawxk7k8pixuh5g8z5ku32-213zbp2wzp99lviwl8g2cvq6i-1lknwtftishpdmobzm413yc7u-bcxa0v9ke411pjpmz4s239f9b-2s77lcl0ztx2c5fzyqvglptj1-bn7x20my6ejwhlgl10oqmhgst-8h514j3fiwnzuwkt66sbxsu8f-di2z9sra5co9la7ogqyesywin:48)
[INFO  - 2017-09-11T11:03:16.915Z] SessionManagerReqHand - _cleanupWindowlessSessions - Asynchronous Sessions clean-up phase starting NOW
[INFO  - 2017-09-11T11:08:16.919Z] SessionManagerReqHand - _cleanupWindowlessSessions - Asynchronous Sessions clean-up phase starting NOW
[INFO  - 2017-09-11T11:13:16.919Z] SessionManagerReqHand - _cleanupWindowlessSessions - Asynchronous Sessions clean-up phase starting NOW
[INFO  - 2017-09-11T11:18:16.919Z] SessionManagerReqHand - _cleanupWindowlessSessions - Asynchronous Sessions clean-up phase starting NOW
[INFO  - 2017-09-11T11:23:17.338Z] SessionManagerReqHand - _cleanupWindowlessSessions - Asynchronous Sessions clean-up phase starting NOW
[INFO  - 2017-09-11T11:28:17.338Z] SessionManagerReqHand - _cleanupWindowlessSessions - Asynchronous Sessions clean-up phase starting NOW
[INFO  - 2017-09-11T11:33:17.479Z] SessionManagerReqHand - _cleanupWindowlessSessions - Asynchronous Sessions clean-up phase starting NOW
[INFO  - 2017-09-11T11:38:17.484Z] SessionManagerReqHand - _cleanupWindowlessSessions - Asynchronous Sessions clean-up phase starting NOW
[INFO  - 2017-09-11T11:43:17.493Z] SessionManagerReqHand - _cleanupWindowlessSessions - Asynchronous Sessions clean-up phase starting NOW
[INFO  - 2017-09-11T11:48:17.494Z] SessionManagerReqHand - _cleanupWindowlessSessions - Asynchronous Sessions clean-up phase starting NOW
[INFO  - 2017-09-11T11:53:17.510Z] SessionManagerReqHand - _cleanupWindowlessSessions - Asynchronous Sessions clean-up phase starting NOW
[INFO  - 2017-09-11T11:58:17.511Z] SessionManagerReqHand - _cleanupWindowlessSessions - Asynchronous Sessions clean-up phase starting NOW
[INFO  - 2017-09-11T12:03:17.511Z] SessionManagerReqHand - _cleanupWindowlessSessions - Asynchronous Sessions clean-up phase starting NOW
[INFO  - 2017-09-11T12:08:17.511Z] SessionManagerReqHand - _cleanupWindowlessSessions - Asynchronous Sessions clean-up phase starting NOW
[INFO  - 2017-09-11T12:13:01.571Z] SessionManagerReqHand - _cleanupWindowlessSessions - Asynchronous Sessions clean-up phase starting NOW
[INFO  - 2017-09-11T12:18:01.577Z] SessionManagerReqHand - _cleanupWindowlessSessions - Asynchronous Sessions clean-up phase starting NOW
[INFO  - 2017-09-11T12:23:01.578Z] SessionManagerReqHand - _cleanupWindowlessSessions - Asynchronous Sessions clean-up phase starting NOW
[INFO  - 2017-09-11T12:28:01.601Z] SessionManagerReqHand - _cleanupWindowlessSessions - Asynchronous Sessions clean-up phase starting NOW
[INFO  - 2017-09-11T12:33:01.604Z] SessionManagerReqHand - _cleanupWindowlessSessions - Asynchronous Sessions clean-up phase starting NOW
[INFO  - 2017-09-11T12:38:01.604Z] SessionManagerReqHand - _cleanupWindowlessSessions - Asynchronous Sessions clean-up phase starting NOW
[INFO  - 2017-09-11T12:43:01.623Z] SessionManagerReqHand - _cleanupWindowlessSessions - Asynchronous Sessions clean-up phase starting NOW
[INFO  - 2017-09-11T12:48:01.622Z] SessionManagerReqHand - _cleanupWindowlessSessions - Asynchronous Sessions clean-up phase starting NOW
[INFO  - 2017-09-11T12:53:01.622Z] SessionManagerReqHand - _cleanupWindowlessSessions - Asynchronous Sessions clean-up phase starting NOW
[INFO  - 2017-09-11T12:58:01.622Z] SessionManagerReqHand - _cleanupWindowlessSessions - Asynchronous Sessions clean-up phase starting NOW
[INFO  - 2017-09-11T13:03:01.636Z] SessionManagerReqHand - _cleanupWindowlessSessions - Asynchronous Sessions clean-up phase starting NOW
[INFO  - 2017-09-11T13:08:01.639Z] SessionManagerReqHand - _cleanupWindowlessSessions - Asynchronous Sessions clean-up phase starting NOW
[INFO  - 2017-09-11T13:13:01.658Z] SessionManagerReqHand - _cleanupWindowlessSessions - Asynchronous Sessions clean-up phase starting NOW
[INFO  - 2017-09-11T13:18:01.659Z] SessionManagerReqHand - _cleanupWindowlessSessions - Asynchronous Sessions clean-up phase starting NOW
[INFO  - 2017-09-11T13:23:01.670Z] SessionManagerReqHand - _cleanupWindowlessSessions - Asynchronous Sessions clean-up phase starting NOW
[INFO  - 2017-09-11T13:28:01.670Z] SessionManagerReqHand - _cleanupWindowlessSessions - Asynchronous Sessions clean-up phase starting NOW
[INFO  - 2017-09-11T13:33:01.697Z] SessionManagerReqHand - _cleanupWindowlessSessions - Asynchronous Sessions clean-up phase starting NOW
[INFO  - 2017-09-11T13:38:01.716Z] SessionManagerReqHand - _cleanupWindowlessSessions - Asynchronous Sessions clean-up phase starting NOW
[INFO  - 2017-09-11T13:43:01.774Z] SessionManagerReqHand - _cleanupWindowlessSessions - Asynchronous Sessions clean-up phase starting NOW
[INFO  - 2017-09-11T13:48:01.782Z] SessionManagerReqHand - _cleanupWindowlessSessions - Asynchronous Sessions clean-up phase starting NOW
[INFO  - 2017-09-11T13:53:01.826Z] SessionManagerReqHand - _cleanupWindowlessSessions - Asynchronous Sessions clean-up phase starting NOW
[INFO  - 2017-09-11T13:58:01.827Z] SessionManagerReqHand - _cleanupWindowlessSessions - Asynchronous Sessions clean-up phase starting NOW
[INFO  - 2017-09-11T14:03:01.858Z] SessionManagerReqHand - _cleanupWindowlessSessions - Asynchronous Sessions clean-up phase starting NOW
[INFO  - 2017-09-11T14:08:01.859Z] SessionManagerReqHand - _cleanupWindowlessSessions - Asynchronous Sessions clean-up phase starting NOW
[INFO  - 2017-09-11T14:13:01.947Z] SessionManagerReqHand - _cleanupWindowlessSessions - Asynchronous Sessions clean-up phase starting NOW
[INFO  - 2017-09-11T14:18:01.963Z] SessionManagerReqHand - _cleanupWindowlessSessions - Asynchronous Sessions clean-up phase starting NOW
[INFO  - 2017-09-11T14:23:02.025Z] SessionManagerReqHand - _cleanupWindowlessSessions - Asynchronous Sessions clean-up phase starting NOW
[INFO  - 2017-09-11T14:28:02.026Z] SessionManagerReqHand - _cleanupWindowlessSessions - Asynchronous Sessions clean-up phase starting NOW
[INFO  - 2017-09-11T14:33:02.089Z] SessionManagerReqHand - _cleanupWindowlessSessions - Asynchronous Sessions clean-up phase starting NOW
[INFO  - 2017-09-11T14:38:02.090Z] SessionManagerReqHand - _cleanupWindowlessSessions - Asynchronous Sessions clean-up phase starting NOW
[INFO  - 2017-09-11T14:43:02.092Z] SessionManagerReqHand - _cleanupWindowlessSessions - Asynchronous Sessions clean-up phase starting NOW
[INFO  - 2017-09-11T14:48:02.092Z] SessionManagerReqHand - _cleanupWindowlessSessions - Asynchronous Sessions clean-up phase starting NOW
[INFO  - 2017-09-11T14:53:02.108Z] SessionManagerReqHand - _cleanupWindowlessSessions - Asynchronous Sessions clean-up phase starting NOW
[INFO  - 2017-09-11T14:58:02.108Z] SessionManagerReqHand - _cleanupWindowlessSessions - Asynchronous Sessions clean-up phase starting NOW
[INFO  - 2017-09-11T15:03:02.141Z] SessionManagerReqHand - _cleanupWindowlessSessions - Asynchronous Sessions clean-up phase starting NOW
[INFO  - 2017-09-11T15:08:02.141Z] SessionManagerReqHand - _cleanupWindowlessSessions - Asynchronous Sessions clean-up phase starting NOW
[INFO  - 2017-09-11T15:13:02.151Z] SessionManagerReqHand - _cleanupWindowlessSessions - Asynchronous Sessions clean-up phase starting NOW
[INFO  - 2017-09-11T15:18:02.152Z] SessionManagerReqHand - _cleanupWindowlessSessions - Asynchronous Sessions clean-up phase starting NOW
[INFO  - 2017-09-11T15:23:02.152Z] SessionManagerReqHand - _cleanupWindowlessSessions - Asynchronous Sessions clean-up phase starting NOW
[INFO  - 2017-09-11T15:28:02.152Z] SessionManagerReqHand - _cleanupWindowlessSessions - Asynchronous Sessions clean-up phase starting NOW
[INFO  - 2017-09-11T15:33:02.167Z] SessionManagerReqHand - _cleanupWindowlessSessions - Asynchronous Sessions clean-up phase starting NOW
[INFO  - 2017-09-11T15:38:02.168Z] SessionManagerReqHand - _cleanupWindowlessSessions - Asynchronous Sessions clean-up phase starting NOW
[INFO  - 2017-09-11T15:43:02.168Z] SessionManagerReqHand - _cleanupWindowlessSessions - Asynchronous Sessions clean-up phase starting NOW
[INFO  - 2017-09-11T15:48:02.168Z] SessionManagerReqHand - _cleanupWindowlessSessions - Asynchronous Sessions clean-up phase starting NOW
[INFO  - 2017-09-11T15:53:02.186Z] SessionManagerReqHand - _cleanupWindowlessSessions - Asynchronous Sessions clean-up phase starting NOW
[INFO  - 2017-09-11T15:58:02.187Z] SessionManagerReqHand - _cleanupWindowlessSessions - Asynchronous Sessions clean-up phase starting NOW
[INFO  - 2017-09-11T16:03:02.187Z] SessionManagerReqHand - _cleanupWindowlessSessions - Asynchronous Sessions clean-up phase starting NOW
[INFO  - 2017-09-11T16:08:02.187Z] SessionManagerReqHand - _cleanupWindowlessSessions - Asynchronous Sessions clean-up phase starting NOW
[INFO  - 2017-09-11T16:13:02.200Z] SessionManagerReqHand - _cleanupWindowlessSessions - Asynchronous Sessions clean-up phase starting NOW
[INFO  - 2017-09-11T16:18:02.203Z] SessionManagerReqHand - _cleanupWindowlessSessions - Asynchronous Sessions clean-up phase starting NOW
[INFO  - 2017-09-11T16:23:02.227Z] SessionManagerReqHand - _cleanupWindowlessSessions - Asynchronous Sessions clean-up phase starting NOW
[INFO  - 2017-09-11T16:28:02.228Z] SessionManagerReqHand - _cleanupWindowlessSessions - Asynchronous Sessions clean-up phase starting NOW
[INFO  - 2017-09-11T16:33:02.244Z] SessionManagerReqHand - _cleanupWindowlessSessions - Asynchronous Sessions clean-up phase starting NOW
[INFO  - 2017-09-11T16:38:02.250Z] SessionManagerReqHand - _cleanupWindowlessSessions - Asynchronous Sessions clean-up phase starting NOW
[INFO  - 2017-09-11T16:43:02.274Z] SessionManagerReqHand - _cleanupWindowlessSessions - Asynchronous Sessions clean-up phase starting NOW
[INFO  - 2017-09-11T16:48:02.274Z] SessionManagerReqHand - _cleanupWindowlessSessions - Asynchronous Sessions clean-up phase starting NOW
[INFO  - 2017-09-11T16:53:02.321Z] SessionManagerReqHand - _cleanupWindowlessSessions - Asynchronous Sessions clean-up phase starting NOW
[INFO  - 2017-09-11T16:58:02.324Z] SessionManagerReqHand - _cleanupWindowlessSessions - Asynchronous Sessions clean-up phase starting NOW
[INFO  - 2017-09-11T17:03:02.341Z] SessionManagerReqHand - _cleanupWindowlessSessions - Asynchronous Sessions clean-up phase starting NOW
[INFO  - 2017-09-11T17:08:02.341Z] SessionManagerReqHand - _cleanupWindowlessSessions - Asynchronous Sessions clean-up phase starting NOW
[INFO  - 2017-09-11T17:13:02.343Z] SessionManagerReqHand - _cleanupWindowlessSessions - Asynchronous Sessions clean-up phase starting NOW
[INFO  - 2017-09-11T17:18:02.343Z] SessionManagerReqHand - _cleanupWindowlessSessions - Asynchronous Sessions clean-up phase starting NOW
[INFO  - 2017-09-11T17:23:02.360Z] SessionManagerReqHand - _cleanupWindowlessSessions - Asynchronous Sessions clean-up phase starting NOW
[INFO  - 2017-09-11T17:28:02.360Z] SessionManagerReqHand - _cleanupWindowlessSessions - Asynchronous Sessions clean-up phase starting NOW
[INFO  - 2017-09-11T17:33:02.361Z] SessionManagerReqHand - _cleanupWindowlessSessions - Asynchronous Sessions clean-up phase starting NOW
9b-2s77lcl0ztx2c5fzyqvglptj1-bn7x20my6ejwhlgl10oqmhgst-8h514j3fiwnzuwkt66sbxsu8f-di2z9sra5co9la7ogqyesywin:48)
  (anonymous function) (https://static.licdn.com/scds/concat/common/js?h=3kp2aedn5pmamdr4dk4n8atur-3ti5bgrnb6idjtk0w4chaigxe-5hqr1i1uoezoj0z1s5gcxojf2-71o37tcjwl0ishto9izvyml3i-3bbdjshpw5ov0rwa8xe08tp97-cayct4cirf7n0f9z1xsg84g0q-dktkawxk7k8pixuh5g8z5ku32-213zbp2wzp99lviwl8g2cvq6i-1lknwtftishpdmobzm413yc7u-bcxa0v9ke411pjpmz4s239f9b-2s77lcl0ztx2c5fzyqvglptj1-bn7x20my6ejwhlgl10oqmhgst-8h514j3fiwnzuwkt66sbxsu8f-di2z9sra5co9la7ogqyesywin:48)
[ERROR - 2017-09-11T12:14:47.883Z] Session [ca2fbf90-96ea-11e7-9e25-a76bcb36a2d3] - page.onError - msg: [object XMLHttpRequest]
[ERROR - 2017-09-11T12:14:48.363Z] Session [ca2fbf90-96ea-11e7-9e25-a76bcb36a2d3] - page.onError - stack:
  logError (https://static.licdn.com/sc/h/c2kejuoxie8mddj3pvz8m1ve8,an5vyx0wi45a6eigwjtrk9xtr,bp2iganh4dmi9rrb9j1b720nw:97)
[ERROR - 2017-09-11T12:14:51.955Z] WebElementLocator - _handleLocateCommand - Element(s) NOT Found: GAVE UP. Search Stop Time: 1505132091907
[INFO  - 2017-09-12T09:09:44.046Z] GhostDriver - Main - running on port 33568
[INFO  - 2017-09-12T09:09:44.713Z] Session [1e4ab620-979a-11e7-b0a7-c35e77a5b7e5] - page.settings - {"XSSAuditingEnabled":false,"javascriptCanCloseWindows":true,"javascriptCanOpenWindows":true,"javascriptEnabled":true,"loadImages":true,"localToRemoteUrlAccessEnabled":false,"userAgent":"Mozilla/5.0 (Windows NT 6.2; WOW64) AppleWebKit/538.1 (KHTML, like Gecko) PhantomJS/2.1.1 Safari/538.1","webSecurityEnabled":true}
[INFO  - 2017-09-12T09:09:44.713Z] Session [1e4ab620-979a-11e7-b0a7-c35e77a5b7e5] - page.customHeaders:  - {}
[INFO  - 2017-09-12T09:09:44.713Z] Session [1e4ab620-979a-11e7-b0a7-c35e77a5b7e5] - Session.negotiatedCapabilities - {"browserName":"phantomjs","version":"2.1.1","driverName":"ghostdriver","driverVersion":"1.2.0","platform":"windows-8.1-32bit","javascriptEnabled":true,"takesScreenshot":true,"handlesAlerts":false,"databaseEnabled":false,"locationContextEnabled":false,"applicationCacheEnabled":false,"browserConnectionEnabled":false,"cssSelectorsEnabled":true,"webStorageEnabled":false,"rotatable":false,"acceptSslCerts":false,"nativeEvents":true,"proxy":{"proxyType":"direct"}}
[INFO  - 2017-09-12T09:09:44.714Z] SessionManagerReqHand - _postNewSessionCommand - New Session Created: 1e4ab620-979a-11e7-b0a7-c35e77a5b7e5
[ERROR - 2017-09-12T09:09:48.667Z] Session [1e4ab620-979a-11e7-b0a7-c35e77a5b7e5] - page.onError - msg: TypeError: null is not an object (evaluating 'c.classList')
[ERROR - 2017-09-12T09:09:48.667Z] Session [1e4ab620-979a-11e7-b0a7-c35e77a5b7e5] - page.onError - stack:
  h (https://static.licdn.com/scds/concat/common/js?h=3kp2aedn5pmamdr4dk4n8atur-3ti5bgrnb6idjtk0w4chaigxe-5hqr1i1uoezoj0z1s5gcxojf2-71o37tcjwl0ishto9izvyml3i-3bbdjshpw5ov0rwa8xe08tp97-cayct4cirf7n0f9z1xsg84g0q-dktkawxk7k8pixuh5g8z5ku32-213zbp2wzp99lviwl8g2cvq6i-1lknwtftishpdmobzm413yc7u-bcxa0v9ke411pjpmz4s239f9b-2s77lcl0ztx2c5fzyqvglptj1-bn7x20my6ejwhlgl10oqmhgst-8h514j3fiwnzuwkt66sbxsu8f-di2z9sra5co9la7ogqyesywin:48)
  (anonymous function) (https://static.licdn.com/scds/concat/common/js?h=3kp2aedn5pmamdr4dk4n8atur-3ti5bgrnb6idjtk0w4chaigxe-5hqr1i1uoezoj0z1s5gcxojf2-71o37tcjwl0ishto9izvyml3i-3bbdjshpw5ov0rwa8xe08tp97-cayct4cirf7n0f9z1xsg84g0q-dktkawxk7k8pixuh5g8z5ku32-213zbp2wzp99lviwl8g2cvq6i-1lknwtftishpdmobzm413yc7u-bcxa0v9ke411pjpmz4s239f9b-2s77lcl0ztx2c5fzyqvglptj1-bn7x20my6ejwhlgl10oqmhgst-8h514j3fiwnzuwkt66sbxsu8f-di2z9sra5co9la7ogqyesywin:48)
  (anonymous function) (https://static.licdn.com/scds/concat/common/js?h=3kp2aedn5pmamdr4dk4n8atur-3ti5bgrnb6idjtk0w4chaigxe-5hqr1i1uoezoj0z1s5gcxojf2-71o37tcjwl0ishto9izvyml3i-3bbdjshpw5ov0rwa8xe08tp97-cayct4cirf7n0f9z1xsg84g0q-dktkawxk7k8pixuh5g8z5ku32-213zbp2wzp99lviwl8g2cvq6i-1lknwtftishpdmobzm413yc7u-bcxa0v9ke411pjpmz4s239f9b-2s77lcl0ztx2c5fzyqvglptj1-bn7x20my6ejwhlgl10oqmhgst-8h514j3fiwnzuwkt66sbxsu8f-di2z9sra5co9la7ogqyesywin:48)
  (anonymous function) (https://static.licdn.com/scds/concat/common/js?h=3kp2aedn5pmamdr4dk4n8atur-3ti5bgrnb6idjtk0w4chaigxe-5hqr1i1uoezoj0z1s5gcxojf2-71o37tcjwl0ishto9izvyml3i-3bbdjshpw5ov0rwa8xe08tp97-cayct4cirf7n0f9z1xsg84g0q-dktkawxk7k8pixuh5g8z5ku32-213zbp2wzp99lviwl8g2cvq6i-1lknwtftishpdmobzm413yc7u-bcxa0v9ke411pjpmz4s239f9b-2s77lcl0ztx2c5fzyqvglptj1-bn7x20my6ejwhlgl10oqmhgst-8h514j3fiwnzuwkt66sbxsu8f-di2z9sra5co9la7ogqyesywin:48)
[ERROR - 2017-09-12T09:09:52.694Z] Session [1e4ab620-979a-11e7-b0a7-c35e77a5b7e5] - page.onError - msg: [object XMLHttpRequest]
[ERROR - 2017-09-12T09:09:52.694Z] Session [1e4ab620-979a-11e7-b0a7-c35e77a5b7e5] - page.onError - stack:
  logError (https://static.licdn.com/sc/h/c2kejuoxie8mddj3pvz8m1ve8,an5vyx0wi45a6eigwjtrk9xtr,bp2iganh4dmi9rrb9j1b720nw:97)
[INFO  - 2017-09-12T09:10:03.203Z] ShutdownReqHand - _handle - About to shutdown
[INFO  - 2017-09-12T09:12:13.226Z] GhostDriver - Main - running on port 10753
[INFO  - 2017-09-12T09:12:14.715Z] Session [77b2be10-979a-11e7-8cc9-712eee9b8b0d] - page.settings - {"XSSAuditingEnabled":false,"javascriptCanCloseWindows":true,"javascriptCanOpenWindows":true,"javascriptEnabled":true,"loadImages":true,"localToRemoteUrlAccessEnabled":false,"userAgent":"Mozilla/5.0 (Windows NT 6.2; WOW64) AppleWebKit/538.1 (KHTML, like Gecko) PhantomJS/2.1.1 Safari/538.1","webSecurityEnabled":true}
[INFO  - 2017-09-12T09:12:14.716Z] Session [77b2be10-979a-11e7-8cc9-712eee9b8b0d] - page.customHeaders:  - {}
[INFO  - 2017-09-12T09:12:14.716Z] Session [77b2be10-979a-11e7-8cc9-712eee9b8b0d] - Session.negotiatedCapabilities - {"browserName":"phantomjs","version":"2.1.1","driverName":"ghostdriver","driverVersion":"1.2.0","platform":"windows-8.1-32bit","javascriptEnabled":true,"takesScreenshot":true,"handlesAlerts":false,"databaseEnabled":false,"locationContextEnabled":false,"applicationCacheEnabled":false,"browserConnectionEnabled":false,"cssSelectorsEnabled":true,"webStorageEnabled":false,"rotatable":false,"acceptSslCerts":false,"nativeEvents":true,"proxy":{"proxyType":"direct"}}
[INFO  - 2017-09-12T09:12:14.717Z] SessionManagerReqHand - _postNewSessionCommand - New Session Created: 77b2be10-979a-11e7-8cc9-712eee9b8b0d
[ERROR - 2017-09-12T09:12:17.220Z] Session [77b2be10-979a-11e7-8cc9-712eee9b8b0d] - page.onError - msg: TypeError: null is not an object (evaluating 'c.classList')
[ERROR - 2017-09-12T09:12:17.221Z] Session [77b2be10-979a-11e7-8cc9-712eee9b8b0d] - page.onError - stack:
  h (https://static.licdn.com/scds/concat/common/js?h=3kp2aedn5pmamdr4dk4n8atur-3ti5bgrnb6idjtk0w4chaigxe-5hqr1i1uoezoj0z1s5gcxojf2-71o37tcjwl0ishto9izvyml3i-3bbdjshpw5ov0rwa8xe08tp97-cayct4cirf7n0f9z1xsg84g0q-dktkawxk7k8pixuh5g8z5ku32-213zbp2wzp99lviwl8g2cvq6i-1lknwtftishpdmobzm413yc7u-bcxa0v9ke411pjpmz4s239f9b-2s77lcl0ztx2c5fzyqvglptj1-bn7x20my6ejwhlgl10oqmhgst-8h514j3fiwnzuwkt66sbxsu8f-di2z9sra5co9la7ogqyesywin:48)
  (anonymous function) (https://static.licdn.com/scds/concat/common/js?h=3kp2aedn5pmamdr4dk4n8atur-3ti5bgrnb6idjtk0w4chaigxe-5hqr1i1uoezoj0z1s5gcxojf2-71o37tcjwl0ishto9izvyml3i-3bbdjshpw5ov0rwa8xe08tp97-cayct4cirf7n0f9z1xsg84g0q-dktkawxk7k8pixuh5g8z5ku32-213zbp2wzp99lviwl8g2cvq6i-1lknwtftishpdmobzm413yc7u-bcxa0v9ke411pjpmz4s239f9b-2s77lcl0ztx2c5fzyqvglptj1-bn7x20my6ejwhlgl10oqmhgst-8h514j3fiwnzuwkt66sbxsu8f-di2z9sra5co9la7ogqyesywin:48)
  (anonymous function) (https://static.licdn.com/scds/concat/common/js?h=3kp2aedn5pmamdr4dk4n8atur-3ti5bgrnb6idjtk0w4chaigxe-5hqr1i1uoezoj0z1s5gcxojf2-71o37tcjwl0ishto9izvyml3i-3bbdjshpw5ov0rwa8xe08tp97-cayct4cirf7n0f9z1xsg84g0q-dktkawxk7k8pixuh5g8z5ku32-213zbp2wzp99lviwl8g2cvq6i-1lknwtftishpdmobzm413yc7u-bcxa0v9ke411pjpmz4s239f9b-2s77lcl0ztx2c5fzyqvglptj1-bn7x20my6ejwhlgl10oqmhgst-8h514j3fiwnzuwkt66sbxsu8f-di2z9sra5co9la7ogqyesywin:48)
  (anonymous function) (https://static.licdn.com/scds/concat/common/js?h=3kp2aedn5pmamdr4dk4n8atur-3ti5bgrnb6idjtk0w4chaigxe-5hqr1i1uoezoj0z1s5gcxojf2-71o37tcjwl0ishto9izvyml3i-3bbdjshpw5ov0rwa8xe08tp97-cayct4cirf7n0f9z1xsg84g0q-dktkawxk7k8pixuh5g8z5ku32-213zbp2wzp99lviwl8g2cvq6i-1lknwtftishpdmobzm413yc7u-bcxa0v9ke411pjpmz4s239f9b-2s77lcl0ztx2c5fzyqvglptj1-bn7x20my6ejwhlgl10oqmhgst-8h514j3fiwnzuwkt66sbxsu8f-di2z9sra5co9la7ogqyesywin:48)
[ERROR - 2017-09-12T09:12:21.068Z] Session [77b2be10-979a-11e7-8cc9-712eee9b8b0d] - page.onError - msg: [object XMLHttpRequest]
[ERROR - 2017-09-12T09:12:21.068Z] Session [77b2be10-979a-11e7-8cc9-712eee9b8b0d] - page.onError - stack:
  logError (https://static.licdn.com/sc/h/c2kejuoxie8mddj3pvz8m1ve8,an5vyx0wi45a6eigwjtrk9xtr,bp2iganh4dmi9rrb9j1b720nw:97)
[ERROR - 2017-09-12T09:12:24.852Z] WebElementLocator - _handleLocateCommand - Element(s) NOT Found: GAVE UP. Search Stop Time: 1505207544845
[INFO  - 2017-09-12T09:14:05.262Z] GhostDriver - Main - running on port 41267
[INFO  - 2017-09-12T09:14:05.572Z] Session [b9c67bc0-979a-11e7-bb24-310f23a5dfe7] - page.settings - {"XSSAuditingEnabled":false,"javascriptCanCloseWindows":true,"javascriptCanOpenWindows":true,"javascriptEnabled":true,"loadImages":true,"localToRemoteUrlAccessEnabled":false,"userAgent":"Mozilla/5.0 (Windows NT 6.2; WOW64) AppleWebKit/538.1 (KHTML, like Gecko) PhantomJS/2.1.1 Safari/538.1","webSecurityEnabled":true}
[INFO  - 2017-09-12T09:14:05.572Z] Session [b9c67bc0-979a-11e7-bb24-310f23a5dfe7] - page.customHeaders:  - {}
[INFO  - 2017-09-12T09:14:05.572Z] Session [b9c67bc0-979a-11e7-bb24-310f23a5dfe7] - Session.negotiatedCapabilities - {"browserName":"phantomjs","version":"2.1.1","driverName":"ghostdriver","driverVersion":"1.2.0","platform":"windows-8.1-32bit","javascriptEnabled":true,"takesScreenshot":true,"handlesAlerts":false,"databaseEnabled":false,"locationContextEnabled":false,"applicationCacheEnabled":false,"browserConnectionEnabled":false,"cssSelectorsEnabled":true,"webStorageEnabled":false,"rotatable":false,"acceptSslCerts":false,"nativeEvents":true,"proxy":{"proxyType":"direct"}}
[INFO  - 2017-09-12T09:14:05.573Z] SessionManagerReqHand - _postNewSessionCommand - New Session Created: b9c67bc0-979a-11e7-bb24-310f23a5dfe7
[ERROR - 2017-09-12T09:14:08.925Z] Session [b9c67bc0-979a-11e7-bb24-310f23a5dfe7] - page.onError - msg: TypeError: null is not an object (evaluating 'c.classList')
[ERROR - 2017-09-12T09:14:08.926Z] Session [b9c67bc0-979a-11e7-bb24-310f23a5dfe7] - page.onError - stack:
  h (https://static.licdn.com/scds/concat/common/js?h=3kp2aedn5pmamdr4dk4n8atur-3ti5bgrnb6idjtk0w4chaigxe-5hqr1i1uoezoj0z1s5gcxojf2-71o37tcjwl0ishto9izvyml3i-3bbdjshpw5ov0rwa8xe08tp97-cayct4cirf7n0f9z1xsg84g0q-dktkawxk7k8pixuh5g8z5ku32-213zbp2wzp99lviwl8g2cvq6i-1lknwtftishpdmobzm413yc7u-bcxa0v9ke411pjpmz4s239f9b-2s77lcl0ztx2c5fzyqvglptj1-bn7x20my6ejwhlgl10oqmhgst-8h514j3fiwnzuwkt66sbxsu8f-di2z9sra5co9la7ogqyesywin:48)
  (anonymous function) (https://static.licdn.com/scds/concat/common/js?h=3kp2aedn5pmamdr4dk4n8atur-3ti5bgrnb6idjtk0w4chaigxe-5hqr1i1uoezoj0z1s5gcxojf2-71o37tcjwl0ishto9izvyml3i-3bbdjshpw5ov0rwa8xe08tp97-cayct4cirf7n0f9z1xsg84g0q-dktkawxk7k8pixuh5g8z5ku32-213zbp2wzp99lviwl8g2cvq6i-1lknwtftishpdmobzm413yc7u-bcxa0v9ke411pjpmz4s239f9b-2s77lcl0ztx2c5fzyqvglptj1-bn7x20my6ejwhlgl10oqmhgst-8h514j3fiwnzuwkt66sbxsu8f-di2z9sra5co9la7ogqyesywin:48)
  (anonymous function) (https://static.licdn.com/scds/concat/common/js?h=3kp2aedn5pmamdr4dk4n8atur-3ti5bgrnb6idjtk0w4chaigxe-5hqr1i1uoezoj0z1s5gcxojf2-71o37tcjwl0ishto9izvyml3i-3bbdjshpw5ov0rwa8xe08tp97-cayct4cirf7n0f9z1xsg84g0q-dktkawxk7k8pixuh5g8z5ku32-213zbp2wzp99lviwl8g2cvq6i-1lknwtftishpdmobzm413yc7u-bcxa0v9ke411pjpmz4s239f9b-2s77lcl0ztx2c5fzyqvglptj1-bn7x20my6ejwhlgl10oqmhgst-8h514j3fiwnzuwkt66sbxsu8f-di2z9sra5co9la7ogqyesywin:48)
  (anonymous function) (https://static.licdn.com/scds/concat/common/js?h=3kp2aedn5pmamdr4dk4n8atur-3ti5bgrnb6idjtk0w4chaigxe-5hqr1i1uoezoj0z1s5gcxojf2-71o37tcjwl0ishto9izvyml3i-3bbdjshpw5ov0rwa8xe08tp97-cayct4cirf7n0f9z1xsg84g0q-dktkawxk7k8pixuh5g8z5ku32-213zbp2wzp99lviwl8g2cvq6i-1lknwtftishpdmobzm413yc7u-bcxa0v9ke411pjpmz4s239f9b-2s77lcl0ztx2c5fzyqvglptj1-bn7x20my6ejwhlgl10oqmhgst-8h514j3fiwnzuwkt66sbxsu8f-di2z9sra5co9la7ogqyesywin:48)
[ERROR - 2017-09-12T09:14:12.668Z] Session [b9c67bc0-979a-11e7-bb24-310f23a5dfe7] - page.onError - msg: [object XMLHttpRequest]
[ERROR - 2017-09-12T09:14:12.668Z] Session [b9c67bc0-979a-11e7-bb24-310f23a5dfe7] - page.onError - stack:
  logError (https://static.licdn.com/sc/h/c2kejuoxie8mddj3pvz8m1ve8,an5vyx0wi45a6eigwjtrk9xtr,bp2iganh4dmi9rrb9j1b720nw:97)
[ERROR - 2017-09-12T09:14:16.293Z] WebElementLocator - _handleLocateCommand - Element(s) NOT Found: GAVE UP. Search Stop Time: 1505207656272
[INFO  - 2017-09-12T09:19:05.259Z] SessionManagerReqHand - _cleanupWindowlessSessions - Asynchronous Sessions clean-up phase starting NOW
[INFO  - 2017-09-12T09:24:05.260Z] SessionManagerReqHand - _cleanupWindowlessSessions - Asynchronous Sessions clean-up phase starting NOW
[INFO  - 2017-09-12T09:29:05.266Z] SessionManagerReqHand - _cleanupWindowlessSessions - Asynchronous Sessions clean-up phase starting NOW
[INFO  - 2017-09-12T09:34:05.403Z] SessionManagerReqHand - _cleanupWindowlessSessions - Asynchronous Sessions clean-up phase starting NOW
[INFO  - 2017-09-12T09:39:05.404Z] SessionManagerReqHand - _cleanupWindowlessSessions - Asynchronous Sessions clean-up phase starting NOW
[INFO  - 2017-09-12T09:44:05.406Z] SessionManagerReqHand - _cleanupWindowlessSessions - Asynchronous Sessions clean-up phase starting NOW
[INFO  - 2017-09-12T09:49:05.418Z] SessionManagerReqHand - _cleanupWindowlessSessions - Asynchronous Sessions clean-up phase starting NOW
[INFO  - 2017-09-12T09:54:05.430Z] SessionManagerReqHand - _cleanupWindowlessSessions - Asynchronous Sessions clean-up phase starting NOW
[INFO  - 2017-09-12T09:59:05.435Z] SessionManagerReqHand - _cleanupWindowlessSessions - Asynchronous Sessions clean-up phase starting NOW
[INFO  - 2017-09-12T10:04:05.450Z] SessionManagerReqHand - _cleanupWindowlessSessions - Asynchronous Sessions clean-up phase starting NOW
[INFO  - 2017-09-12T10:09:05.449Z] SessionManagerReqHand - _cleanupWindowlessSessions - Asynchronous Sessions clean-up phase starting NOW
[INFO  - 2017-09-12T10:14:05.461Z] SessionManagerReqHand - _cleanupWindowlessSessions - Asynchronous Sessions clean-up phase starting NOW
[INFO  - 2017-09-12T10:19:05.466Z] SessionManagerReqHand - _cleanupWindowlessSessions - Asynchronous Sessions clean-up phase starting NOW
[INFO  - 2017-09-12T10:24:05.468Z] SessionManagerReqHand - _cleanupWindowlessSessions - Asynchronous Sessions clean-up phase starting NOW
[INFO  - 2017-09-12T10:29:05.477Z] SessionManagerReqHand - _cleanupWindowlessSessions - Asynchronous Sessions clean-up phase starting NOW
[INFO  - 2017-09-12T10:34:05.479Z] SessionManagerReqHand - _cleanupWindowlessSessions - Asynchronous Sessions clean-up phase starting NOW
[INFO  - 2017-09-12T10:39:05.494Z] SessionManagerReqHand - _cleanupWindowlessSessions - Asynchronous Sessions clean-up phase starting NOW
[INFO  - 2017-09-12T10:44:05.499Z] SessionManagerReqHand - _cleanupWindowlessSessions - Asynchronous Sessions clean-up phase starting NOW
[INFO  - 2017-09-12T10:49:05.508Z] SessionManagerReqHand - _cleanupWindowlessSessions - Asynchronous Sessions clean-up phase starting NOW
[INFO  - 2017-09-12T10:54:05.509Z] SessionManagerReqHand - _cleanupWindowlessSessions - Asynchronous Sessions clean-up phase starting NOW
[INFO  - 2017-09-12T10:59:05.512Z] SessionManagerReqHand - _cleanupWindowlessSessions - Asynchronous Sessions clean-up phase starting NOW
[INFO  - 2017-09-12T11:04:05.525Z] SessionManagerReqHand - _cleanupWindowlessSessions - Asynchronous Sessions clean-up phase starting NOW
[INFO  - 2017-09-12T11:09:05.539Z] SessionManagerReqHand - _cleanupWindowlessSessions - Asynchronous Sessions clean-up phase starting NOW
[INFO  - 2017-09-12T11:14:05.548Z] SessionManagerReqHand - _cleanupWindowlessSessions - Asynchronous Sessions clean-up phase starting NOW
[INFO  - 2017-09-12T11:19:05.559Z] SessionManagerReqHand - _cleanupWindowlessSessions - Asynchronous Sessions clean-up phase starting NOW
[INFO  - 2017-09-12T11:24:05.560Z] SessionManagerReqHand - _cleanupWindowlessSessions - Asynchronous Sessions clean-up phase starting NOW
[INFO  - 2017-09-12T11:29:05.576Z] SessionManagerReqHand - _cleanupWindowlessSessions - Asynchronous Sessions clean-up phase starting NOW
[INFO  - 2017-09-12T11:34:05.576Z] SessionManagerReqHand - _cleanupWindowlessSessions - Asynchronous Sessions clean-up phase starting NOW
[INFO  - 2017-09-12T11:39:05.576Z] SessionManagerReqHand - _cleanupWindowlessSessions - Asynchronous Sessions clean-up phase starting NOW
[INFO  - 2017-09-12T11:44:05.577Z] SessionManagerReqHand - _cleanupWindowlessSessions - Asynchronous Sessions clean-up phase starting NOW
[INFO  - 2017-09-12T11:49:05.586Z] SessionManagerReqHand - _cleanupWindowlessSessions - Asynchronous Sessions clean-up phase starting NOW
[INFO  - 2017-09-12T11:54:05.588Z] SessionManagerReqHand - _cleanupWindowlessSessions - Asynchronous Sessions clean-up phase starting NOW
[INFO  - 2017-09-12T11:59:05.588Z] SessionManagerReqHand - _cleanupWindowlessSessions - Asynchronous Sessions clean-up phase starting NOW
[INFO  - 2017-09-12T12:04:05.592Z] SessionManagerReqHand - _cleanupWindowlessSessions - Asynchronous Sessions clean-up phase starting NOW
[INFO  - 2017-09-12T12:09:05.602Z] SessionManagerReqHand - _cleanupWindowlessSessions - Asynchronous Sessions clean-up phase starting NOW
[INFO  - 2017-09-12T12:14:05.609Z] SessionManagerReqHand - _cleanupWindowlessSessions - Asynchronous Sessions clean-up phase starting NOW
[INFO  - 2017-09-12T12:19:05.618Z] SessionManagerReqHand - _cleanupWindowlessSessions - Asynchronous Sessions clean-up phase starting NOW
[INFO  - 2017-09-12T12:24:05.945Z] SessionManagerReqHand - _cleanupWindowlessSessions - Asynchronous Sessions clean-up phase starting NOW
[INFO  - 2017-09-12T12:29:05.947Z] SessionManagerReqHand - _cleanupWindowlessSessions - Asynchronous Sessions clean-up phase starting NOW
[INFO  - 2017-09-12T12:34:05.952Z] SessionManagerReqHand - _cleanupWindowlessSessions - Asynchronous Sessions clean-up phase starting NOW
[INFO  - 2017-09-12T12:39:05.961Z] SessionManagerReqHand - _cleanupWindowlessSessions - Asynchronous Sessions clean-up phase starting NOW
[INFO  - 2017-09-12T12:44:05.961Z] SessionManagerReqHand - _cleanupWindowlessSessions - Asynchronous Sessions clean-up phase starting NOW
[INFO  - 2017-09-12T12:49:05.970Z] SessionManagerReqHand - _cleanupWindowlessSessions - Asynchronous Sessions clean-up phase starting NOW
[INFO  - 2017-09-12T12:54:05.976Z] SessionManagerReqHand - _cleanupWindowlessSessions - Asynchronous Sessions clean-up phase starting NOW
[INFO  - 2017-09-12T12:59:05.978Z] SessionManagerReqHand - _cleanupWindowlessSessions - Asynchronous Sessions clean-up phase starting NOW
[INFO  - 2017-09-12T13:04:05.992Z] SessionManagerReqHand - _cleanupWindowlessSessions - Asynchronous Sessions clean-up phase starting NOW
[INFO  - 2017-09-12T13:09:05.999Z] SessionManagerReqHand - _cleanupWindowlessSessions - Asynchronous Sessions clean-up phase starting NOW
[INFO  - 2017-09-12T13:14:05.999Z] SessionManagerReqHand - _cleanupWindowlessSessions - Asynchronous Sessions clean-up phase starting NOW
[INFO  - 2017-09-12T13:19:06.011Z] SessionManagerReqHand - _cleanupWindowlessSessions - Asynchronous Sessions clean-up phase starting NOW
[INFO  - 2017-09-12T13:24:06.015Z] SessionManagerReqHand - _cleanupWindowlessSessions - Asynchronous Sessions clean-up phase starting NOW
[INFO  - 2017-09-12T13:29:06.046Z] SessionManagerReqHand - _cleanupWindowlessSessions - Asynchronous Sessions clean-up phase starting NOW
[INFO  - 2017-09-12T13:34:06.027Z] SessionManagerReqHand - _cleanupWindowlessSessions - Asynchronous Sessions clean-up phase starting NOW
[INFO  - 2017-09-12T13:39:06.030Z] SessionManagerReqHand - _cleanupWindowlessSessions - Asynchronous Sessions clean-up phase starting NOW
[INFO  - 2017-09-12T13:44:06.042Z] SessionManagerReqHand - _cleanupWindowlessSessions - Asynchronous Sessions clean-up phase starting NOW
[INFO  - 2017-09-12T13:49:06.042Z] SessionManagerReqHand - _cleanupWindowlessSessions - Asynchronous Sessions clean-up phase starting NOW
[INFO  - 2017-09-12T13:54:06.056Z] SessionManagerReqHand - _cleanupWindowlessSessions - Asynchronous Sessions clean-up phase starting NOW
[INFO  - 2017-09-12T13:59:06.057Z] SessionManagerReqHand - _cleanupWindowlessSessions - Asynchronous Sessions clean-up phase starting NOW
[INFO  - 2017-09-12T14:04:06.073Z] SessionManagerReqHand - _cleanupWindowlessSessions - Asynchronous Sessions clean-up phase starting NOW
[INFO  - 2017-09-12T14:09:06.086Z] SessionManagerReqHand - _cleanupWindowlessSessions - Asynchronous Sessions clean-up phase starting NOW
[INFO  - 2017-09-12T14:14:06.093Z] SessionManagerReqHand - _cleanupWindowlessSessions - Asynchronous Sessions clean-up phase starting NOW
[INFO  - 2017-09-12T14:19:06.094Z] SessionManagerReqHand - _cleanupWindowlessSessions - Asynchronous Sessions clean-up phase starting NOW
[INFO  - 2017-09-12T14:24:06.104Z] SessionManagerReqHand - _cleanupWindowlessSessions - Asynchronous Sessions clean-up phase starting NOW
:09:28.561Z] SessionManagerReqHand - _cleanupWindowlessSessions - Asynchronous Sessions clean-up phase starting NOW
[INFO  - 2017-09-12T12:14:28.573Z] SessionManagerReqHand - _cleanupWindowlessSessions - Asynchronous Sessions clean-up phase starting NOW
[INFO  - 2017-09-12T12:19:28.589Z] SessionManagerReqHand - _cleanupWindowlessSessions - Asynchronous Sessions clean-up phase starting NOW
[INFO  - 2017-09-12T12:24:28.588Z] SessionManagerReqHand - _cleanupWindowlessSessions - Asynchronous Sessions clean-up phase starting NOW
[INFO  - 2017-09-12T12:29:28.595Z] SessionManagerReqHand - _cleanupWindowlessSessions - Asynchronous Sessions clean-up phase starting NOW
[INFO  - 2017-09-12T12:34:28.604Z] SessionManagerReqHand - _cleanupWindowlessSessions - Asynchronous Sessions clean-up phase starting NOW
[INFO  - 2017-09-12T12:39:28.619Z] SessionManagerReqHand - _cleanupWindowlessSessions - Asynchronous Sessions clean-up phase starting NOW
[INFO  - 2017-09-12T12:44:28.898Z] SessionManagerReqHand - _cleanupWindowlessSessions - Asynchronous Sessions clean-up phase starting NOW
[INFO  - 2017-09-12T12:49:28.904Z] SessionManagerReqHand - _cleanupWindowlessSessions - Asynchronous Sessions clean-up phase starting NOW
[INFO  - 2017-09-12T12:54:29.294Z] SessionManagerReqHand - _cleanupWindowlessSessions - Asynchronous Sessions clean-up phase starting NOW
[INFO  - 2017-09-12T12:59:29.305Z] SessionManagerReqHand - _cleanupWindowlessSessions - Asynchronous Sessions clean-up phase starting NOW
[INFO  - 2017-09-12T13:04:29.310Z] SessionManagerReqHand - _cleanupWindowlessSessions - Asynchronous Sessions clean-up phase starting NOW
[INFO  - 2017-09-12T13:09:29.310Z] SessionManagerReqHand - _cleanupWindowlessSessions - Asynchronous Sessions clean-up phase starting NOW
[INFO  - 2017-09-12T13:14:29.321Z] SessionManagerReqHand - _cleanupWindowlessSessions - Asynchronous Sessions clean-up phase starting NOW
[INFO  - 2017-09-12T13:19:29.321Z] SessionManagerReqHand - _cleanupWindowlessSessions - Asynchronous Sessions clean-up phase starting NOW
[INFO  - 2017-09-12T13:24:29.335Z] SessionManagerReqHand - _cleanupWindowlessSessions - Asynchronous Sessions clean-up phase starting NOW
[INFO  - 2017-09-12T13:29:29.337Z] SessionManagerReqHand - _cleanupWindowlessSessions - Asynchronous Sessions clean-up phase starting NOW
[INFO  - 2017-09-12T13:34:29.339Z] SessionManagerReqHand - _cleanupWindowlessSessions - Asynchronous Sessions clean-up phase starting NOW
[INFO  - 2017-09-12T13:39:29.352Z] SessionManagerReqHand - _cleanupWindowlessSessions - Asynchronous Sessions clean-up phase starting NOW
[INFO  - 2017-09-12T13:44:29.355Z] SessionManagerReqHand - _cleanupWindowlessSessions - Asynchronous Sessions clean-up phase starting NOW
[INFO  - 2017-09-12T13:49:29.366Z] SessionManagerReqHand - _cleanupWindowlessSessions - Asynchronous Sessions clean-up phase starting NOW
[INFO  - 2017-09-12T13:54:29.369Z] SessionManagerReqHand - _cleanupWindowlessSessions - Asynchronous Sessions clean-up phase starting NOW
[INFO  - 2017-09-12T13:59:29.382Z] SessionManagerReqHand - _cleanupWindowlessSessions - Asynchronous Sessions clean-up phase starting NOW
[INFO  - 2017-09-12T14:04:29.764Z] SessionManagerReqHand - _cleanupWindowlessSessions - Asynchronous Sessions clean-up phase starting NOW
[INFO  - 2017-09-12T14:09:29.801Z] SessionManagerReqHand - _cleanupWindowlessSessions - Asynchronous Sessions clean-up phase starting NOW
[INFO  - 2017-09-12T14:14:29.790Z] SessionManagerReqHand - _cleanupWindowlessSessions - Asynchronous Sessions clean-up phase starting NOW
[INFO  - 2017-09-12T14:19:29.805Z] SessionManagerReqHand - _cleanupWindowlessSessions - Asynchronous Sessions clean-up phase starting NOW
[INFO  - 2017-09-12T14:24:29.806Z] SessionManagerReqHand - _cleanupWindowlessSessions - Asynchronous Sessions clean-up phase starting NOW
[INFO  - 2017-09-14T12:52:27.812Z] GhostDriver - Main - running on port 10912
[INFO  - 2017-09-14T12:52:28.403Z] Session [907eb770-994b-11e7-ad13-e5b2c873b957] - page.settings - {"XSSAuditingEnabled":false,"javascriptCanCloseWindows":true,"javascriptCanOpenWindows":true,"javascriptEnabled":true,"loadImages":true,"localToRemoteUrlAccessEnabled":false,"userAgent":"Mozilla/5.0 (Windows NT 6.2; WOW64) AppleWebKit/538.1 (KHTML, like Gecko) PhantomJS/2.1.1 Safari/538.1","webSecurityEnabled":true}
[INFO  - 2017-09-14T12:52:28.403Z] Session [907eb770-994b-11e7-ad13-e5b2c873b957] - page.customHeaders:  - {}
[INFO  - 2017-09-14T12:52:28.403Z] Session [907eb770-994b-11e7-ad13-e5b2c873b957] - Session.negotiatedCapabilities - {"browserName":"phantomjs","version":"2.1.1","driverName":"ghostdriver","driverVersion":"1.2.0","platform":"windows-8.1-32bit","javascriptEnabled":true,"takesScreenshot":true,"handlesAlerts":false,"databaseEnabled":false,"locationContextEnabled":false,"applicationCacheEnabled":false,"browserConnectionEnabled":false,"cssSelectorsEnabled":true,"webStorageEnabled":false,"rotatable":false,"acceptSslCerts":false,"nativeEvents":true,"proxy":{"proxyType":"direct"}}
[INFO  - 2017-09-14T12:52:28.404Z] SessionManagerReqHand - _postNewSessionCommand - New Session Created: 907eb770-994b-11e7-ad13-e5b2c873b957
[ERROR - 2017-09-14T12:52:31.689Z] Session [907eb770-994b-11e7-ad13-e5b2c873b957] - page.onError - msg: TypeError: null is not an object (evaluating 'c.classList')
[ERROR - 2017-09-14T12:52:31.690Z] Session [907eb770-994b-11e7-ad13-e5b2c873b957] - page.onError - stack:
  h (https://static.licdn.com/scds/concat/common/js?h=3kp2aedn5pmamdr4dk4n8atur-3ti5bgrnb6idjtk0w4chaigxe-5hqr1i1uoezoj0z1s5gcxojf2-71o37tcjwl0ishto9izvyml3i-3bbdjshpw5ov0rwa8xe08tp97-cayct4cirf7n0f9z1xsg84g0q-dktkawxk7k8pixuh5g8z5ku32-213zbp2wzp99lviwl8g2cvq6i-1lknwtftishpdmobzm413yc7u-bcxa0v9ke411pjpmz4s239f9b-2s77lcl0ztx2c5fzyqvglptj1-bn7x20my6ejwhlgl10oqmhgst-8h514j3fiwnzuwkt66sbxsu8f-di2z9sra5co9la7ogqyesywin:48)
  (anonymous function) (https://static.licdn.com/scds/concat/common/js?h=3kp2aedn5pmamdr4dk4n8atur-3ti5bgrnb6idjtk0w4chaigxe-5hqr1i1uoezoj0z1s5gcxojf2-71o37tcjwl0ishto9izvyml3i-3bbdjshpw5ov0rwa8xe08tp97-cayct4cirf7n0f9z1xsg84g0q-dktkawxk7k8pixuh5g8z5ku32-213zbp2wzp99lviwl8g2cvq6i-1lknwtftishpdmobzm413yc7u-bcxa0v9ke411pjpmz4s239f9b-2s77lcl0ztx2c5fzyqvglptj1-bn7x20my6ejwhlgl10oqmhgst-8h514j3fiwnzuwkt66sbxsu8f-di2z9sra5co9la7ogqyesywin:48)
  (anonymous function) (https://static.licdn.com/scds/concat/common/js?h=3kp2aedn5pmamdr4dk4n8atur-3ti5bgrnb6idjtk0w4chaigxe-5hqr1i1uoezoj0z1s5gcxojf2-71o37tcjwl0ishto9izvyml3i-3bbdjshpw5ov0rwa8xe08tp97-cayct4cirf7n0f9z1xsg84g0q-dktkawxk7k8pixuh5g8z5ku32-213zbp2wzp99lviwl8g2cvq6i-1lknwtftishpdmobzm413yc7u-bcxa0v9ke411pjpmz4s239f9b-2s77lcl0ztx2c5fzyqvglptj1-bn7x20my6ejwhlgl10oqmhgst-8h514j3fiwnzuwkt66sbxsu8f-di2z9sra5co9la7ogqyesywin:48)
  (anonymous function) (https://static.licdn.com/scds/concat/common/js?h=3kp2aedn5pmamdr4dk4n8atur-3ti5bgrnb6idjtk0w4chaigxe-5hqr1i1uoezoj0z1s5gcxojf2-71o37tcjwl0ishto9izvyml3i-3bbdjshpw5ov0rwa8xe08tp97-cayct4cirf7n0f9z1xsg84g0q-dktkawxk7k8pixuh5g8z5ku32-213zbp2wzp99lviwl8g2cvq6i-1lknwtftishpdmobzm413yc7u-bcxa0v9ke411pjpmz4s239f9b-2s77lcl0ztx2c5fzyqvglptj1-bn7x20my6ejwhlgl10oqmhgst-8h514j3fiwnzuwkt66sbxsu8f-di2z9sra5co9la7ogqyesywin:48)
[ERROR - 2017-09-14T12:52:35.453Z] Session [907eb770-994b-11e7-ad13-e5b2c873b957] - page.onError - msg: [object XMLHttpRequest]
[ERROR - 2017-09-14T12:52:35.454Z] Session [907eb770-994b-11e7-ad13-e5b2c873b957] - page.onError - stack:
  (anonymous function) (https://static.licdn.com/scds/concat/common/js?h=e2lgukqldpqool72t8g7tysag-3nuvxgwg15rbghxm1gpzfbya2-1nm61x5u7981e88m10hpaekkm-mv3v66b8q0h1hvgvd3yfjv5f-14k913qahq3mh0ac0lh0twk9v-28vfzntn604yf2k0jo32aleiv-5gw567fe2s0ma0alr8a0m8236:6)
[ERROR - 2017-09-14T12:52:40.363Z] WebElementLocator - _handleLocateCommand - Element(s) NOT Found: GAVE UP. Search Stop Time: 1505393560243
[INFO  - 2017-09-14T12:57:27.812Z] SessionManagerReqHand - _cleanupWindowlessSessions - Asynchronous Sessions clean-up phase starting NOW
[INFO  - 2017-09-14T13:02:27.816Z] SessionManagerReqHand - _cleanupWindowlessSessions - Asynchronous Sessions clean-up phase starting NOW
[INFO  - 2017-09-14T13:07:27.815Z] SessionManagerReqHand - _cleanupWindowlessSessions - Asynchronous Sessions clean-up phase starting NOW
[INFO  - 2017-09-14T13:12:27.815Z] SessionManagerReqHand - _cleanupWindowlessSessions - Asynchronous Sessions clean-up phase starting NOW
[INFO  - 2017-09-14T13:17:27.828Z] SessionManagerReqHand - _cleanupWindowlessSessions - Asynchronous Sessions clean-up phase starting NOW
[INFO  - 2017-09-14T13:22:27.834Z] SessionManagerReqHand - _cleanupWindowlessSessions - Asynchronous Sessions clean-up phase starting NOW
[INFO  - 2017-09-14T13:27:28.003Z] SessionManagerReqHand - _cleanupWindowlessSessions - Asynchronous Sessions clean-up phase starting NOW
[INFO  - 2017-09-14T13:32:28.019Z] SessionManagerReqHand - _cleanupWindowlessSessions - Asynchronous Sessions clean-up phase starting NOW
[INFO  - 2017-09-14T13:37:28.032Z] SessionManagerReqHand - _cleanupWindowlessSessions - Asynchronous Sessions clean-up phase starting NOW
[INFO  - 2017-09-14T13:42:28.438Z] SessionManagerReqHand - _cleanupWindowlessSessions - Asynchronous Sessions clean-up phase starting NOW
[INFO  - 2017-09-14T13:47:28.655Z] SessionManagerReqHand - _cleanupWindowlessSessions - Asynchronous Sessions clean-up phase starting NOW
[INFO  - 2017-09-14T13:52:28.657Z] SessionManagerReqHand - _cleanupWindowlessSessions - Asynchronous Sessions clean-up phase starting NOW
[INFO  - 2017-09-14T13:57:28.660Z] SessionManagerReqHand - _cleanupWindowlessSessions - Asynchronous Sessions clean-up phase starting NOW
[INFO  - 2017-09-14T14:02:28.672Z] SessionManagerReqHand - _cleanupWindowlessSessions - Asynchronous Sessions clean-up phase starting NOW
[INFO  - 2017-09-14T14:07:28.672Z] SessionManagerReqHand - _cleanupWindowlessSessions - Asynchronous Sessions clean-up phase starting NOW
[INFO  - 2017-09-14T14:12:28.674Z] SessionManagerReqHand - _cleanupWindowlessSessions - Asynchronous Sessions clean-up phase starting NOW
[INFO  - 2017-09-14T14:17:28.673Z] SessionManagerReqHand - _cleanupWindowlessSessions - Asynchronous Sessions clean-up phase starting NOW
[INFO  - 2017-09-14T14:22:28.674Z] SessionManagerReqHand - _cleanupWindowlessSessions - Asynchronous Sessions clean-up phase starting NOW
[INFO  - 2017-09-14T14:27:28.686Z] SessionManagerReqHand - _cleanupWindowlessSessions - Asynchronous Sessions clean-up phase starting NOW
[INFO  - 2017-09-14T14:32:28.688Z] SessionManagerReqHand - _cleanupWindowlessSessions - Asynchronous Sessions clean-up phase starting NOW
[INFO  - 2017-09-14T14:37:28.694Z] SessionManagerReqHand - _cleanupWindowlessSessions - Asynchronous Sessions clean-up phase starting NOW
[INFO  - 2017-09-14T14:42:28.703Z] SessionManagerReqHand - _cleanupWindowlessSessions - Asynchronous Sessions clean-up phase starting NOW
[INFO  - 2017-09-14T14:47:28.703Z] SessionManagerReqHand - _cleanupWindowlessSessions - Asynchronous Sessions clean-up phase starting NOW
[INFO  - 2017-09-14T14:52:28.704Z] SessionManagerReqHand - _cleanupWindowlessSessions - Asynchronous Sessions clean-up phase starting NOW
[INFO  - 2017-09-14T14:57:28.704Z] SessionManagerReqHand - _cleanupWindowlessSessions - Asynchronous Sessions clean-up phase starting NOW
[INFO  - 2017-09-14T15:02:28.709Z] SessionManagerReqHand - _cleanupWindowlessSessions - Asynchronous Sessions clean-up phase starting NOW
[INFO  - 2017-09-14T15:07:29.155Z] SessionManagerReqHand - _cleanupWindowlessSessions - Asynchronous Sessions clean-up phase starting NOW
[INFO  - 2017-09-14T15:12:29.157Z] SessionManagerReqHand - _cleanupWindowlessSessions - Asynchronous Sessions clean-up phase starting NOW
[INFO  - 2017-09-14T15:17:29.171Z] SessionManagerReqHand - _cleanupWindowlessSessions - Asynchronous Sessions clean-up phase starting NOW
[INFO  - 2017-09-14T15:22:29.174Z] SessionManagerReqHand - _cleanupWindowlessSessions - Asynchronous Sessions clean-up phase starting NOW
[INFO  - 2017-09-14T15:27:29.298Z] SessionManagerReqHand - _cleanupWindowlessSessions - Asynchronous Sessions clean-up phase starting NOW
[INFO  - 2017-09-14T15:32:29.302Z] SessionManagerReqHand - _cleanupWindowlessSessions - Asynchronous Sessions clean-up phase starting NOW
[INFO  - 2017-09-14T15:37:29.302Z] SessionManagerReqHand - _cleanupWindowlessSessions - Asynchronous Sessions clean-up phase starting NOW
] Session [7c602750-994c-11e7-869e-3bb335805cbd] - Session.negotiatedCapabilities - {"browserName":"phantomjs","version":"2.1.1","driverName":"ghostdriver","driverVersion":"1.2.0","platform":"windows-8.1-32bit","javascriptEnabled":true,"takesScreenshot":true,"handlesAlerts":false,"databaseEnabled":false,"locationContextEnabled":false,"applicationCacheEnabled":false,"browserConnectionEnabled":false,"cssSelectorsEnabled":true,"webStorageEnabled":false,"rotatable":false,"acceptSslCerts":false,"nativeEvents":true,"proxy":{"proxyType":"direct"}}
[INFO  - 2017-09-14T12:59:04.143Z] SessionManagerReqHand - _postNewSessionCommand - New Session Created: 7c602750-994c-11e7-869e-3bb335805cbd
[ERROR - 2017-09-14T12:59:09.478Z] Session [7c602750-994c-11e7-869e-3bb335805cbd] - page.onError - msg: TypeError: null is not an object (evaluating 'c.classList')
[ERROR - 2017-09-14T12:59:09.478Z] Session [7c602750-994c-11e7-869e-3bb335805cbd] - page.onError - stack:
  h (https://static.licdn.com/scds/concat/common/js?h=3kp2aedn5pmamdr4dk4n8atur-3ti5bgrnb6idjtk0w4chaigxe-5hqr1i1uoezoj0z1s5gcxojf2-71o37tcjwl0ishto9izvyml3i-3bbdjshpw5ov0rwa8xe08tp97-cayct4cirf7n0f9z1xsg84g0q-dktkawxk7k8pixuh5g8z5ku32-213zbp2wzp99lviwl8g2cvq6i-1lknwtftishpdmobzm413yc7u-bcxa0v9ke411pjpmz4s239f9b-2s77lcl0ztx2c5fzyqvglptj1-bn7x20my6ejwhlgl10oqmhgst-8h514j3fiwnzuwkt66sbxsu8f-di2z9sra5co9la7ogqyesywin:48)
  (anonymous function) (https://static.licdn.com/scds/concat/common/js?h=3kp2aedn5pmamdr4dk4n8atur-3ti5bgrnb6idjtk0w4chaigxe-5hqr1i1uoezoj0z1s5gcxojf2-71o37tcjwl0ishto9izvyml3i-3bbdjshpw5ov0rwa8xe08tp97-cayct4cirf7n0f9z1xsg84g0q-dktkawxk7k8pixuh5g8z5ku32-213zbp2wzp99lviwl8g2cvq6i-1lknwtftishpdmobzm413yc7u-bcxa0v9ke411pjpmz4s239f9b-2s77lcl0ztx2c5fzyqvglptj1-bn7x20my6ejwhlgl10oqmhgst-8h514j3fiwnzuwkt66sbxsu8f-di2z9sra5co9la7ogqyesywin:48)
  (anonymous function) (https://static.licdn.com/scds/concat/common/js?h=3kp2aedn5pmamdr4dk4n8atur-3ti5bgrnb6idjtk0w4chaigxe-5hqr1i1uoezoj0z1s5gcxojf2-71o37tcjwl0ishto9izvyml3i-3bbdjshpw5ov0rwa8xe08tp97-cayct4cirf7n0f9z1xsg84g0q-dktkawxk7k8pixuh5g8z5ku32-213zbp2wzp99lviwl8g2cvq6i-1lknwtftishpdmobzm413yc7u-bcxa0v9ke411pjpmz4s239f9b-2s77lcl0ztx2c5fzyqvglptj1-bn7x20my6ejwhlgl10oqmhgst-8h514j3fiwnzuwkt66sbxsu8f-di2z9sra5co9la7ogqyesywin:48)
  (anonymous function) (https://static.licdn.com/scds/concat/common/js?h=3kp2aedn5pmamdr4dk4n8atur-3ti5bgrnb6idjtk0w4chaigxe-5hqr1i1uoezoj0z1s5gcxojf2-71o37tcjwl0ishto9izvyml3i-3bbdjshpw5ov0rwa8xe08tp97-cayct4cirf7n0f9z1xsg84g0q-dktkawxk7k8pixuh5g8z5ku32-213zbp2wzp99lviwl8g2cvq6i-1lknwtftishpdmobzm413yc7u-bcxa0v9ke411pjpmz4s239f9b-2s77lcl0ztx2c5fzyqvglptj1-bn7x20my6ejwhlgl10oqmhgst-8h514j3fiwnzuwkt66sbxsu8f-di2z9sra5co9la7ogqyesywin:48)
[ERROR - 2017-09-14T12:59:15.093Z] Session [7c602750-994c-11e7-869e-3bb335805cbd] - page.onError - msg: [object XMLHttpRequest]
[ERROR - 2017-09-14T12:59:15.093Z] Session [7c602750-994c-11e7-869e-3bb335805cbd] - page.onError - stack:
  (anonymous function) (https://static.licdn.com/scds/concat/common/js?h=e2lgukqldpqool72t8g7tysag-3nuvxgwg15rbghxm1gpzfbya2-1nm61x5u7981e88m10hpaekkm-mv3v66b8q0h1hvgvd3yfjv5f-14k913qahq3mh0ac0lh0twk9v-28vfzntn604yf2k0jo32aleiv-5gw567fe2s0ma0alr8a0m8236:6)
[INFO  - 2017-09-14T12:59:20.284Z] ShutdownReqHand - _handle - About to shutdown
[INFO  - 2017-09-19T05:14:53.351Z] GhostDriver - Main - running on port 7132
[INFO  - 2017-09-19T05:14:54.083Z] Session [78834cb0-9cf9-11e7-b357-63ccf25c08df] - page.settings - {"XSSAuditingEnabled":false,"javascriptCanCloseWindows":true,"javascriptCanOpenWindows":true,"javascriptEnabled":true,"loadImages":true,"localToRemoteUrlAccessEnabled":false,"userAgent":"Mozilla/5.0 (Windows NT 6.2; WOW64) AppleWebKit/538.1 (KHTML, like Gecko) PhantomJS/2.1.1 Safari/538.1","webSecurityEnabled":true}
[INFO  - 2017-09-19T05:14:54.083Z] Session [78834cb0-9cf9-11e7-b357-63ccf25c08df] - page.customHeaders:  - {}
[INFO  - 2017-09-19T05:14:54.083Z] Session [78834cb0-9cf9-11e7-b357-63ccf25c08df] - Session.negotiatedCapabilities - {"browserName":"phantomjs","version":"2.1.1","driverName":"ghostdriver","driverVersion":"1.2.0","platform":"windows-8.1-32bit","javascriptEnabled":true,"takesScreenshot":true,"handlesAlerts":false,"databaseEnabled":false,"locationContextEnabled":false,"applicationCacheEnabled":false,"browserConnectionEnabled":false,"cssSelectorsEnabled":true,"webStorageEnabled":false,"rotatable":false,"acceptSslCerts":false,"nativeEvents":true,"proxy":{"proxyType":"direct"}}
[INFO  - 2017-09-19T05:14:54.083Z] SessionManagerReqHand - _postNewSessionCommand - New Session Created: 78834cb0-9cf9-11e7-b357-63ccf25c08df
[ERROR - 2017-09-19T05:14:54.799Z] Session [78834cb0-9cf9-11e7-b357-63ccf25c08df] - page.onError - msg: TypeError: null is not an object (evaluating 'c.classList')
[ERROR - 2017-09-19T05:14:54.799Z] Session [78834cb0-9cf9-11e7-b357-63ccf25c08df] - page.onError - stack:
  h (https://static.licdn.com/scds/concat/common/js?h=3kp2aedn5pmamdr4dk4n8atur-3ti5bgrnb6idjtk0w4chaigxe-5hqr1i1uoezoj0z1s5gcxojf2-71o37tcjwl0ishto9izvyml3i-3bbdjshpw5ov0rwa8xe08tp97-cayct4cirf7n0f9z1xsg84g0q-dktkawxk7k8pixuh5g8z5ku32-213zbp2wzp99lviwl8g2cvq6i-1lknwtftishpdmobzm413yc7u-bcxa0v9ke411pjpmz4s239f9b-2s77lcl0ztx2c5fzyqvglptj1-bn7x20my6ejwhlgl10oqmhgst-8h514j3fiwnzuwkt66sbxsu8f-di2z9sra5co9la7ogqyesywin:48)
  (anonymous function) (https://static.licdn.com/scds/concat/common/js?h=3kp2aedn5pmamdr4dk4n8atur-3ti5bgrnb6idjtk0w4chaigxe-5hqr1i1uoezoj0z1s5gcxojf2-71o37tcjwl0ishto9izvyml3i-3bbdjshpw5ov0rwa8xe08tp97-cayct4cirf7n0f9z1xsg84g0q-dktkawxk7k8pixuh5g8z5ku32-213zbp2wzp99lviwl8g2cvq6i-1lknwtftishpdmobzm413yc7u-bcxa0v9ke411pjpmz4s239f9b-2s77lcl0ztx2c5fzyqvglptj1-bn7x20my6ejwhlgl10oqmhgst-8h514j3fiwnzuwkt66sbxsu8f-di2z9sra5co9la7ogqyesywin:48)
  (anonymous function) (https://static.licdn.com/scds/concat/common/js?h=3kp2aedn5pmamdr4dk4n8atur-3ti5bgrnb6idjtk0w4chaigxe-5hqr1i1uoezoj0z1s5gcxojf2-71o37tcjwl0ishto9izvyml3i-3bbdjshpw5ov0rwa8xe08tp97-cayct4cirf7n0f9z1xsg84g0q-dktkawxk7k8pixuh5g8z5ku32-213zbp2wzp99lviwl8g2cvq6i-1lknwtftishpdmobzm413yc7u-bcxa0v9ke411pjpmz4s239f9b-2s77lcl0ztx2c5fzyqvglptj1-bn7x20my6ejwhlgl10oqmhgst-8h514j3fiwnzuwkt66sbxsu8f-di2z9sra5co9la7ogqyesywin:48)
  (anonymous function) (https://static.licdn.com/scds/concat/common/js?h=3kp2aedn5pmamdr4dk4n8atur-3ti5bgrnb6idjtk0w4chaigxe-5hqr1i1uoezoj0z1s5gcxojf2-71o37tcjwl0ishto9izvyml3i-3bbdjshpw5ov0rwa8xe08tp97-cayct4cirf7n0f9z1xsg84g0q-dktkawxk7k8pixuh5g8z5ku32-213zbp2wzp99lviwl8g2cvq6i-1lknwtftishpdmobzm413yc7u-bcxa0v9ke411pjpmz4s239f9b-2s77lcl0ztx2c5fzyqvglptj1-bn7x20my6ejwhlgl10oqmhgst-8h514j3fiwnzuwkt66sbxsu8f-di2z9sra5co9la7ogqyesywin:48)
[ERROR - 2017-09-19T05:14:57.879Z] Session [78834cb0-9cf9-11e7-b357-63ccf25c08df] - page.onError - msg: [object XMLHttpRequest]
[ERROR - 2017-09-19T05:14:57.879Z] Session [78834cb0-9cf9-11e7-b357-63ccf25c08df] - page.onError - stack:
  logError (https://static.licdn.com/sc/h/jm0tj6otsh8c5otva0j0z2nm,an5vyx0wi45a6eigwjtrk9xtr,bp2iganh4dmi9rrb9j1b720nw:99)
[INFO  - 2017-09-19T05:15:00.138Z] ShutdownReqHand - _handle - About to shutdown
